\BOOKMARK [0][]{toc.0}{Contents}{}
\BOOKMARK [-1][]{part.1}{I Common Basics}{}
\BOOKMARK [0][]{chapter.1}{Preface}{part.1}
\BOOKMARK [1][]{section.1.1}{History}{chapter.1}
\BOOKMARK [1][]{section.1.2}{Contact}{chapter.1}
\BOOKMARK [1][]{section.1.3}{Some General Remarks}{chapter.1}
\BOOKMARK [1][]{section.1.4}{Legal}{chapter.1}
\BOOKMARK [1][]{section.1.5}{Acknowledgements}{chapter.1}
\BOOKMARK [0][]{chapter.2}{Abstract}{part.1}
\BOOKMARK [0][]{chapter.3}{Feature Specification}{part.1}
\BOOKMARK [1][]{section.3.1}{Feature Introduction}{chapter.3}
\BOOKMARK [1][]{section.3.2}{Feature-Sum-Up}{chapter.3}
\BOOKMARK [0][]{chapter.4}{Claimed Inventions}{part.1}
\BOOKMARK [1][]{section.4.1}{First set - 2008.02.11}{chapter.4}
\BOOKMARK [1][]{section.4.2}{Second set - 2008.07.10}{chapter.4}
\BOOKMARK [0][]{chapter.5}{Secure Sessions}{part.1}
\BOOKMARK [1][]{section.5.1}{Security and Authorization}{chapter.5}
\BOOKMARK [1][]{section.5.2}{Xinerama Screen Layouts}{chapter.5}
\BOOKMARK [2][]{subsection.5.2.1}{Physical Layout-1}{section.5.2}
\BOOKMARK [3][]{section*.5}{Logical Layout-1a}{subsection.5.2.1}
\BOOKMARK [3][]{section*.6}{Logical Layout-1b}{subsection.5.2.1}
\BOOKMARK [3][]{section*.7}{Logical Layout-1c}{subsection.5.2.1}
\BOOKMARK [2][]{subsection.5.2.2}{Physical Layout-2}{section.5.2}
\BOOKMARK [1][]{section.5.3}{Client-Session Windows}{chapter.5}
\BOOKMARK [1][]{section.5.4}{Bulk Access}{chapter.5}
\BOOKMARK [1][]{section.5.5}{Encryption and Tunneling with SSH}{chapter.5}
\BOOKMARK [2][]{subsection.5.5.1}{DISPLAYFORWARDING}{section.5.5}
\BOOKMARK [2][]{subsection.5.5.2}{CONNECTIONFORWARDING}{section.5.5}
\BOOKMARK [2][]{subsection.5.5.3}{Execution-Locations}{section.5.5}
\BOOKMARK [0][]{chapter.6}{Advanced Features}{part.1}
\BOOKMARK [1][]{section.6.1}{Bulk Access}{chapter.6}
\BOOKMARK [1][]{section.6.2}{CLI-MACROS}{chapter.6}
\BOOKMARK [1][]{section.6.3}{Generic Custom Tables}{chapter.6}
\BOOKMARK [1][]{section.6.4}{Parallel and Background Operations}{chapter.6}
\BOOKMARK [0][]{chapter.7}{HOSTs - The Native Access to OS}{part.1}
\BOOKMARK [1][]{section.7.1}{Command Line Access - CLI}{chapter.7}
\BOOKMARK [1][]{section.7.2}{Start a GUI application - X11}{chapter.7}
\BOOKMARK [1][]{section.7.3}{Open a complete remote Desktop - VNC}{chapter.7}
\BOOKMARK [0][]{chapter.8}{PMs and VMs - The Stacked-Sessions}{part.1}
\BOOKMARK [1][]{section.8.1}{Session-Types}{chapter.8}
\BOOKMARK [1][]{section.8.2}{VM-Stacks - Nested VMs}{chapter.8}
\BOOKMARK [2][]{subsection.8.2.1}{Stacked-Operations}{section.8.2}
\BOOKMARK [2][]{subsection.8.2.2}{Specification of VM Stacks}{section.8.2}
\BOOKMARK [2][]{subsection.8.2.3}{Bulk-Core CPUs}{section.8.2}
\BOOKMARK [2][]{subsection.8.2.4}{Almost Seamless Addressing}{section.8.2}
\BOOKMARK [1][]{section.8.3}{Stacked Networking}{chapter.8}
\BOOKMARK [1][]{section.8.4}{Stacked Functional Interworking}{chapter.8}
\BOOKMARK [2][]{subsection.8.4.1}{Stack-Address Evaluation}{section.8.4}
\BOOKMARK [2][]{subsection.8.4.2}{Startup}{section.8.4}
\BOOKMARK [2][]{subsection.8.4.3}{Shutdown}{section.8.4}
\BOOKMARK [2][]{subsection.8.4.4}{State-Propagation Basics}{section.8.4}
\BOOKMARK [3][]{section*.8}{State-Propagation}{subsection.8.4.4}
\BOOKMARK [3][]{section*.9}{Stack-Capability Interconnection}{subsection.8.4.4}
\BOOKMARK [3][]{section*.10}{Virtual-Hardware-Capability Interconnection}{subsection.8.4.4}
\BOOKMARK [3][]{section*.11}{Access Permissions}{subsection.8.4.4}
\BOOKMARK [0][]{chapter.9}{CTYS-Nameservices}{part.1}
\BOOKMARK [1][]{section.9.1}{Basics}{chapter.9}
\BOOKMARK [1][]{section.9.2}{Runtime Components}{chapter.9}
\BOOKMARK [2][]{subsection.9.2.1}{Distributed Nameservice - CacheDB}{section.9.2}
\BOOKMARK [2][]{subsection.9.2.2}{Network LDAP-Access}{section.9.2}
\BOOKMARK [2][]{subsection.9.2.3}{Application Range and Limits}{section.9.2}
\BOOKMARK [1][]{section.9.3}{Required Namebinding}{chapter.9}
\BOOKMARK [2][]{subsection.9.3.1}{Integration of PMs, VMs, and HOSTs}{section.9.3}
\BOOKMARK [2][]{subsection.9.3.2}{Basics of Name Bindings}{section.9.3}
\BOOKMARK [1][]{section.9.4}{Group-Targets}{chapter.9}
\BOOKMARK [-1][]{part.2}{II Software Design}{}
\BOOKMARK [0][]{chapter.10}{Software Architecture}{part.2}
\BOOKMARK [1][]{section.10.1}{Basic Modular Design}{chapter.10}
\BOOKMARK [1][]{section.10.2}{Development Environment}{chapter.10}
\BOOKMARK [2][]{subsection.10.2.1}{Some basics on "bash"}{section.10.2}
\BOOKMARK [3][]{section*.12}{"source-ing"}{subsection.10.2.1}
\BOOKMARK [3][]{section*.13}{Using bash-modules as self-configuring dynamic objects}{subsection.10.2.1}
\BOOKMARK [2][]{subsection.10.2.2}{Component Framework}{section.10.2}
\BOOKMARK [3][]{section*.14}{Hook - The Extendibility Interface}{subsection.10.2.2}
\BOOKMARK [4][]{section*.15}{Static Load of Modules}{section*.14}
\BOOKMARK [4][]{section*.16}{Dynamic OnDemand Load of Modules}{section*.14}
\BOOKMARK [4][]{section*.17}{Operational States}{section*.14}
\BOOKMARK [4][]{section*.18}{IGNORE-Flag - A stateless State}{section*.14}
\BOOKMARK [4][]{section*.19}{Multi-OS Boot Environments}{section*.14}
\BOOKMARK [3][]{section*.20}{Interface-Specification - Online-Help}{subsection.10.2.2}
\BOOKMARK [4][]{section*.21}{Interface-Specification-Rules}{section*.20}
\BOOKMARK [4][]{section*.22}{Generic Context-Help for Shell-Scripts}{section*.20}
\BOOKMARK [1][]{section.10.3}{All about bash-Plugins and bash-Libraries}{chapter.10}
\BOOKMARK [2][]{subsection.10.3.1}{The Differences}{section.10.3}
\BOOKMARK [2][]{subsection.10.3.2}{Libraries}{section.10.3}
\BOOKMARK [2][]{subsection.10.3.3}{Plugins}{section.10.3}
\BOOKMARK [3][]{section*.23}{Category CORE}{subsection.10.3.3}
\BOOKMARK [3][]{section*.24}{Category HOSTs}{subsection.10.3.3}
\BOOKMARK [3][]{section*.25}{Category VMs}{subsection.10.3.3}
\BOOKMARK [3][]{section*.26}{Category PMs}{subsection.10.3.3}
\BOOKMARK [1][]{section.10.4}{ctys Control and Data Flow}{chapter.10}
\BOOKMARK [2][]{subsection.10.4.1}{Distributed Controller}{section.10.4}
\BOOKMARK [2][]{subsection.10.4.2}{Task Data}{section.10.4}
\BOOKMARK [2][]{subsection.10.4.3}{Stack Interworking}{section.10.4}
\BOOKMARK [3][]{section*.27}{Create Propagation - CREATE}{subsection.10.4.3}
\BOOKMARK [3][]{section*.28}{Upward Propagation - CANCEL}{subsection.10.4.3}
\BOOKMARK [3][]{section*.29}{Downward Propagation}{subsection.10.4.3}
\BOOKMARK [0][]{chapter.11}{Interface Design}{part.2}
\BOOKMARK [1][]{section.11.1}{Target-Platforms}{chapter.11}
\BOOKMARK [1][]{section.11.2}{Feature-Design}{chapter.11}
\BOOKMARK [2][]{subsection.11.2.1}{Communications Modes}{section.11.2}
\BOOKMARK [1][]{section.11.3}{Command-Sets}{chapter.11}
\BOOKMARK [1][]{section.11.4}{Plugins}{chapter.11}
\BOOKMARK [2][]{subsection.11.4.1}{Main Dispatcher}{section.11.4}
\BOOKMARK [2][]{subsection.11.4.2}{Standard Plugins}{section.11.4}
\BOOKMARK [2][]{subsection.11.4.3}{Extensions}{section.11.4}
\BOOKMARK [2][]{subsection.11.4.4}{Subdispatcher}{section.11.4}
\BOOKMARK [3][]{section*.30}{Common Concepts}{subsection.11.4.4}
\BOOKMARK [3][]{section*.31}{ENUMERATE}{subsection.11.4.4}
\BOOKMARK [3][]{section*.32}{INFO}{subsection.11.4.4}
\BOOKMARK [3][]{section*.33}{LIST}{subsection.11.4.4}
\BOOKMARK [3][]{section*.34}{SHOW}{subsection.11.4.4}
\BOOKMARK [1][]{section.11.5}{Security Design}{chapter.11}
\BOOKMARK [2][]{subsection.11.5.1}{Accounts Impersonation}{section.11.5}
\BOOKMARK [2][]{subsection.11.5.2}{Access Location}{section.11.5}
\BOOKMARK [2][]{subsection.11.5.3}{System Resources}{section.11.5}
\BOOKMARK [0][]{chapter.12}{CTYS-Nameservices}{part.2}
\BOOKMARK [1][]{section.12.1}{Runtime Components}{chapter.12}
\BOOKMARK [-1][]{part.3}{III User Interface}{}
\BOOKMARK [0][]{chapter.13}{Common Syntax and Semantics}{part.3}
\BOOKMARK [1][]{section.13.1}{General CLI processing}{chapter.13}
\BOOKMARK [1][]{section.13.2}{Options Scanners - Reserved Characters}{chapter.13}
\BOOKMARK [1][]{section.13.3}{Hosts, Groups, VMStacks and Sub-Tasks}{chapter.13}
\BOOKMARK [2][]{subsection.13.3.1}{Common Concepts}{section.13.3}
\BOOKMARK [3][]{section*.35}{<subtask>}{subsection.13.3.1}
\BOOKMARK [2][]{subsection.13.3.2}{Flat Execution-Groups by Include}{section.13.3}
\BOOKMARK [2][]{subsection.13.3.3}{Structured Execution-Groups by Sub-Tasks}{section.13.3}
\BOOKMARK [2][]{subsection.13.3.4}{Stacks as Vertical-Subgroups}{section.13.3}
\BOOKMARK [2][]{subsection.13.3.5}{VCircuits as Sequentially-Chained-Subgroups}{section.13.3}
\BOOKMARK [1][]{section.13.4}{CLI macros}{chapter.13}
\BOOKMARK [1][]{section.13.5}{Shell Interworking}{chapter.13}
\BOOKMARK [2][]{subsection.13.5.1}{ctys as Sub-Call}{section.13.5}
\BOOKMARK [2][]{subsection.13.5.2}{ctys as Master-Call}{section.13.5}
\BOOKMARK [2][]{subsection.13.5.3}{Generic Remote Execution}{section.13.5}
\BOOKMARK [2][]{subsection.13.5.4}{Access to ctys Functions}{section.13.5}
\BOOKMARK [1][]{section.13.6}{Common Options}{chapter.13}
\BOOKMARK [0][]{chapter.14}{Core Data}{part.3}
\BOOKMARK [1][]{section.14.1}{Overview}{chapter.14}
\BOOKMARK [1][]{section.14.2}{Standard Configuration Files}{chapter.14}
\BOOKMARK [1][]{section.14.3}{Common Data Fields}{chapter.14}
\BOOKMARK [2][]{section*.36}{ARCH}{section.14.3}
\BOOKMARK [2][]{section*.37}{BASEPATH|BASE|B}{section.14.3}
\BOOKMARK [2][]{section*.38}{CATEGORY|CAT}{section.14.3}
\BOOKMARK [2][]{section*.39}{CONTEXTSTRING|CSTRG}{section.14.3}
\BOOKMARK [2][]{section*.40}{CTYSRELEASE}{section.14.3}
\BOOKMARK [2][]{section*.41}{DIST}{section.14.3}
\BOOKMARK [2][]{section*.42}{DISTREL}{section.14.3}
\BOOKMARK [2][]{section*.43}{EXECLOCATION}{section.14.3}
\BOOKMARK [2][]{section*.44}{GATEWAY}{section.14.3}
\BOOKMARK [2][]{section*.45}{HWCAP}{section.14.3}
\BOOKMARK [2][]{section*.46}{HWREQ}{section.14.3}
\BOOKMARK [2][]{section*.47}{HYPERREL|HYREL}{section.14.3}
\BOOKMARK [2][]{section*.48}{ID|I}{section.14.3}
\BOOKMARK [2][]{section*.49}{IFNAME}{section.14.3}
\BOOKMARK [2][]{section*.50}{JOBID}{section.14.3}
\BOOKMARK [2][]{section*.51}{LABEL|L}{section.14.3}
\BOOKMARK [2][]{section*.52}{MAC|M}{section.14.3}
\BOOKMARK [2][]{section*.53}{NETMASK}{section.14.3}
\BOOKMARK [2][]{section*.54}{NETNAME}{section.14.3}
\BOOKMARK [2][]{section*.55}{OS|O}{section.14.3}
\BOOKMARK [2][]{section*.56}{OSREL}{section.14.3}
\BOOKMARK [2][]{section*.57}{PM|HOST}{section.14.3}
\BOOKMARK [2][]{section*.58}{PNAME|P}{section.14.3}
\BOOKMARK [2][]{section*.59}{RELAY}{section.14.3}
\BOOKMARK [2][]{section*.60}{RELOCCAP}{section.14.3}
\BOOKMARK [2][]{section*.61}{SERNO}{section.14.3}
\BOOKMARK [2][]{section*.62}{SPORT}{section.14.3}
\BOOKMARK [2][]{section*.63}{SSHPORT}{section.14.3}
\BOOKMARK [2][]{section*.64}{STACKCAP|SCAP}{section.14.3}
\BOOKMARK [2][]{section*.65}{STACKREQ|SREQ}{section.14.3}
\BOOKMARK [2][]{section*.66}{TCP|T}{section.14.3}
\BOOKMARK [2][]{section*.67}{TYPE}{section.14.3}
\BOOKMARK [2][]{section*.68}{USERSTRING|USTRG}{section.14.3}
\BOOKMARK [2][]{section*.69}{UUID|U}{section.14.3}
\BOOKMARK [2][]{section*.70}{OSREL}{section.14.3}
\BOOKMARK [2][]{section*.71}{PLATFORM|PFORM}{section.14.3}
\BOOKMARK [2][]{section*.72}{VCPU}{section.14.3}
\BOOKMARK [2][]{section*.73}{VERSION}{section.14.3}
\BOOKMARK [2][]{section*.74}{VMSTATE|VSTAT}{section.14.3}
\BOOKMARK [2][]{section*.75}{VRAM}{section.14.3}
\BOOKMARK [2][]{section*.76}{VNCBASE}{section.14.3}
\BOOKMARK [2][]{section*.77}{VNCDISPLAY|DISP}{section.14.3}
\BOOKMARK [2][]{section*.78}{VNCPORT|CPORT}{section.14.3}
\BOOKMARK [1][]{section.14.4}{Common Processing Options}{chapter.14}
\BOOKMARK [2][]{section*.79}{CTYSADDRESS|CTYS}{section.14.4}
\BOOKMARK [2][]{section*.80}{DNS}{section.14.4}
\BOOKMARK [2][]{section*.81}{IP}{section.14.4}
\BOOKMARK [2][]{section*.82}{MACHINE}{section.14.4}
\BOOKMARK [2][]{section*.83}{MATCHVSTAT}{section.14.4}
\BOOKMARK [2][]{section*.84}{MAXKEY}{section.14.4}
\BOOKMARK [2][]{section*.85}{PKG}{section.14.4}
\BOOKMARK [2][]{section*.86}{SORT[:<sort-args>]}{section.14.4}
\BOOKMARK [2][]{section*.87}{TAB\137GEN[:<tab-args>]}{section.14.4}
\BOOKMARK [2][]{section*.88}{TERSE}{section.14.4}
\BOOKMARK [2][]{section*.89}{TITLE}{section.14.4}
\BOOKMARK [2][]{section*.90}{TITLEIDX}{section.14.4}
\BOOKMARK [2][]{section*.91}{TITLEIDXASC}{section.14.4}
\BOOKMARK [2][]{section*.92}{USER}{section.14.4}
\BOOKMARK [1][]{section.14.5}{Specific Variations}{chapter.14}
\BOOKMARK [2][]{section*.93}{BASEPATH|BASE|B:<output>}{section.14.5}
\BOOKMARK [2][]{section*.94}{GROUP}{section.14.5}
\BOOKMARK [2][]{section*.95}{USER}{section.14.5}
\BOOKMARK [2][]{section*.96}{PID}{section.14.5}
\BOOKMARK [2][]{section*.97}{TUNNEL|SERVER|CLIENT|BOTH}{section.14.5}
\BOOKMARK [1][]{section.14.6}{Generic Tables}{chapter.14}
\BOOKMARK [0][]{chapter.15}{Address Syntax}{part.3}
\BOOKMARK [1][]{section.15.1}{Basic Elements}{chapter.15}
\BOOKMARK [1][]{section.15.2}{Syntax Elements}{chapter.15}
\BOOKMARK [2][]{section*.98}{<target-application-entity>}{section.15.2}
\BOOKMARK [2][]{section*.99}{<machine-address>}{section.15.2}
\BOOKMARK [2][]{section*.100}{<DISPLAYext>}{section.15.2}
\BOOKMARK [2][]{section*.101}{<target-application-entity>}{section.15.2}
\BOOKMARK [2][]{section*.102}{---}{section.15.2}
\BOOKMARK [2][]{section*.103}{<access-point>}{section.15.2}
\BOOKMARK [2][]{section*.104}{<access-port>}{section.15.2}
\BOOKMARK [2][]{section*.105}{<application>}{section.15.2}
\BOOKMARK [2][]{section*.106}{<application-entity>}{section.15.2}
\BOOKMARK [2][]{section*.107}{basepath|base|b}{section.15.2}
\BOOKMARK [2][]{section*.108}{filename|fname|f}{section.15.2}
\BOOKMARK [2][]{section*.109}{<host-execution-frame>}{section.15.2}
\BOOKMARK [2][]{section*.110}{id|i}{section.15.2}
\BOOKMARK [2][]{section*.111}{LABEL|L}{section.15.2}
\BOOKMARK [2][]{section*.112}{MAC|M}{section.15.2}
\BOOKMARK [2][]{section*.113}{<mconf-filename>}{section.15.2}
\BOOKMARK [2][]{section*.114}{<mconf-filename-path>}{section.15.2}
\BOOKMARK [2][]{section*.115}{<mconf-path>}{section.15.2}
\BOOKMARK [2][]{section*.116}{PATHNAME|PNAME|P}{section.15.2}
\BOOKMARK [2][]{section*.117}{<physical-access-point>}{section.15.2}
\BOOKMARK [2][]{section*.118}{<target-application-entity>}{section.15.2}
\BOOKMARK [2][]{section*.119}{TCP|T}{section.15.2}
\BOOKMARK [2][]{section*.120}{UUID|U}{section.15.2}
\BOOKMARK [2][]{section*.121}{<virtual-access-point>}{section.15.2}
\BOOKMARK [1][]{section.15.3}{Stack Addresses}{chapter.15}
\BOOKMARK [2][]{section*.122}{<stack-address>}{section.15.3}
\BOOKMARK [1][]{section.15.4}{Groups of Stack Addresses}{chapter.15}
\BOOKMARK [2][]{section*.123}{<target-application-entity>}{section.15.4}
\BOOKMARK [2][]{section*.124}{<target-application-entity>}{section.15.4}
\BOOKMARK [0][]{chapter.16}{CTYS Call interface}{part.3}
\BOOKMARK [1][]{section.16.1}{Common Elements and Behaviour}{chapter.16}
\BOOKMARK [2][]{subsection.16.1.1}{Sessions Namebinding}{section.16.1}
\BOOKMARK [2][]{subsection.16.1.2}{Cache for Permormance and Collections}{section.16.1}
\BOOKMARK [2][]{subsection.16.1.3}{Access VM Stacks}{section.16.1}
\BOOKMARK [3][]{section*.125}{The Stack Essentials - CREATE and CANCEL}{subsection.16.1.3}
\BOOKMARK [1][]{section.16.2}{ctys Actions}{chapter.16}
\BOOKMARK [2][]{section*.126}{CANCEL}{section.16.2}
\BOOKMARK [3][]{section*.127}{<machine-address>}{section*.126}
\BOOKMARK [3][]{section*.128}{ALL}{section*.126}
\BOOKMARK [3][]{section*.129}{CLIENT|SERVER|BOTH}{section*.126}
\BOOKMARK [3][]{section*.130}{FORCE}{section*.126}
\BOOKMARK [3][]{section*.131}{STACK}{section*.126}
\BOOKMARK [3][]{section*.132}{SELF}{section*.126}
\BOOKMARK [3][]{section*.133}{RESET}{section*.126}
\BOOKMARK [3][]{section*.134}{REBOOT}{section*.126}
\BOOKMARK [3][]{section*.135}{INIT}{section*.126}
\BOOKMARK [3][]{section*.136}{PAUSE|S3}{section*.126}
\BOOKMARK [3][]{section*.137}{SUSPEND|S4}{section*.126}
\BOOKMARK [3][]{section*.138}{POWEROFF|S5}{section*.126}
\BOOKMARK [3][]{section*.139}{TIMEOUT}{section*.126}
\BOOKMARK [3][]{section*.140}{USER}{section*.126}
\BOOKMARK [2][]{section*.141}{CREATE}{section.16.2}
\BOOKMARK [3][]{section*.142}{<machine-address>}{section*.141}
\BOOKMARK [3][]{section*.143}{BOOTMODE}{section*.141}
\BOOKMARK [3][]{section*.144}{CONNECT}{section*.141}
\BOOKMARK [3][]{section*.145}{CONSOLE}{section*.141}
\BOOKMARK [3][]{section*.146}{DEBUG}{section*.141}
\BOOKMARK [3][]{section*.147}{PING}{section*.141}
\BOOKMARK [3][]{section*.148}{REUSE}{section*.141}
\BOOKMARK [3][]{section*.149}{RECONNECT}{section*.141}
\BOOKMARK [3][]{section*.150}{RESUME}{section*.141}
\BOOKMARK [3][]{section*.151}{SSHPING}{section*.141}
\BOOKMARK [3][]{section*.152}{STACKCHECK}{section*.141}
\BOOKMARK [3][]{section*.153}{USER}{section*.141}
\BOOKMARK [3][]{section*.154}{WAITC}{section*.141}
\BOOKMARK [3][]{section*.155}{WAITS}{section*.141}
\BOOKMARK [3][]{section*.156}{<callopts>}{section*.141}
\BOOKMARK [3][]{section*.157}{<xopts>}{section*.141}
\BOOKMARK [2][]{section*.158}{ENUMERATE}{section.16.2}
\BOOKMARK [3][]{section*.159}{ARCH}{section*.158}
\BOOKMARK [3][]{section*.160}{BASEPATH|BASE|B}{section*.158}
\BOOKMARK [3][]{section*.161}{CATEGORY|CAT}{section*.158}
\BOOKMARK [3][]{section*.162}{CONTEXTSTRING|CSTRG}{section*.158}
\BOOKMARK [3][]{section*.163}{CTYSRELEASE}{section*.158}
\BOOKMARK [3][]{section*.164}{DIST}{section*.158}
\BOOKMARK [3][]{section*.165}{DISTREL}{section*.158}
\BOOKMARK [3][]{section*.166}{DNS}{section*.158}
\BOOKMARK [3][]{section*.167}{EXECLOCATION}{section*.158}
\BOOKMARK [3][]{section*.168}{GATEWAY}{section*.158}
\BOOKMARK [3][]{section*.169}{HWCAP}{section*.158}
\BOOKMARK [3][]{section*.170}{HWREQ}{section*.158}
\BOOKMARK [3][]{section*.171}{HYPERREL|HYREL}{section*.158}
\BOOKMARK [3][]{section*.172}{IDS|ID}{section*.158}
\BOOKMARK [3][]{section*.173}{IFNAME}{section*.158}
\BOOKMARK [3][]{section*.174}{IP}{section*.158}
\BOOKMARK [3][]{section*.175}{LABEL|L}{section*.158}
\BOOKMARK [3][]{section*.176}{MAC|M}{section*.158}
\BOOKMARK [3][]{section*.177}{MACHINE}{section*.158}
\BOOKMARK [3][]{section*.178}{MATCHVSTAT}{section*.158}
\BOOKMARK [3][]{section*.179}{MAXKEY}{section*.158}
\BOOKMARK [3][]{section*.180}{NETMASK}{section*.158}
\BOOKMARK [3][]{section*.181}{NETNAME}{section*.158}
\BOOKMARK [3][]{section*.182}{OS}{section*.158}
\BOOKMARK [3][]{section*.183}{OSREL}{section*.158}
\BOOKMARK [3][]{section*.184}{PKG}{section*.158}
\BOOKMARK [3][]{section*.185}{PLATFORM|PFORM}{section*.158}
\BOOKMARK [3][]{section*.186}{PM|HOST|H}{section*.158}
\BOOKMARK [3][]{section*.187}{PNAME|P}{section*.158}
\BOOKMARK [3][]{section*.188}{RELAY}{section*.158}
\BOOKMARK [3][]{section*.189}{RELOCCAP}{section*.158}
\BOOKMARK [3][]{section*.190}{SERIALNUMBER|SERNO}{section*.158}
\BOOKMARK [3][]{section*.191}{SORT}{section*.158}
\BOOKMARK [3][]{section*.192}{SPORT}{section*.158}
\BOOKMARK [3][]{section*.193}{SSHPORT}{section*.158}
\BOOKMARK [3][]{section*.194}{STACKCAP|SCAP}{section*.158}
\BOOKMARK [3][]{section*.195}{STACKREQ|SREQ}{section*.158}
\BOOKMARK [3][]{section*.196}{TAB\137GEN}{section*.158}
\BOOKMARK [3][]{section*.197}{TCP|T}{section*.158}
\BOOKMARK [3][]{section*.198}{TERSE}{section*.158}
\BOOKMARK [3][]{section*.199}{TITLE}{section*.158}
\BOOKMARK [3][]{section*.200}{TITLEIDX}{section*.158}
\BOOKMARK [3][]{section*.201}{TITLEIDXASC}{section*.158}
\BOOKMARK [3][]{section*.202}{TYPE|STYPE|ST}{section*.158}
\BOOKMARK [3][]{section*.203}{USERSTRING|USTRG}{section*.158}
\BOOKMARK [3][]{section*.204}{UUID|U}{section*.158}
\BOOKMARK [3][]{section*.205}{VCPU}{section*.158}
\BOOKMARK [3][]{section*.206}{VERSION|VERNO|VER}{section*.158}
\BOOKMARK [3][]{section*.207}{VMSTATE|VSTAT}{section*.158}
\BOOKMARK [3][]{section*.208}{VNCBASE}{section*.158}
\BOOKMARK [3][]{section*.209}{VNCDISPLAY|DISP}{section*.158}
\BOOKMARK [3][]{section*.210}{VNCPORT|CPORT}{section*.158}
\BOOKMARK [3][]{section*.211}{VRAM}{section*.158}
\BOOKMARK [3][]{section*.212}{Processing Suboptions}{section*.158}
\BOOKMARK [3][]{section*.213}{Display Suboptions}{section*.158}
\BOOKMARK [2][]{section*.214}{GETCLIENTPORT}{section.16.2}
\BOOKMARK [2][]{section*.215}{INFO}{section.16.2}
\BOOKMARK [2][]{section*.216}{LIST}{section.16.2}
\BOOKMARK [3][]{section*.217}{BOTH}{section*.216}
\BOOKMARK [3][]{section*.218}{CLIENTS}{section*.216}
\BOOKMARK [3][]{section*.219}{CPORT}{section*.216}
\BOOKMARK [3][]{section*.220}{DISPLAY}{section*.216}
\BOOKMARK [3][]{section*.221}{DNS}{section*.216}
\BOOKMARK [3][]{section*.222}{GROUP}{section*.216}
\BOOKMARK [3][]{section*.223}{HOST}{section*.216}
\BOOKMARK [3][]{section*.224}{ID}{section*.216}
\BOOKMARK [3][]{section*.225}{IP}{section*.216}
\BOOKMARK [3][]{section*.226}{\(JOBID|JID\)}{section*.216}
\BOOKMARK [3][]{section*.227}{LABEL}{section*.216}
\BOOKMARK [3][]{section*.228}{MAC}{section*.216}
\BOOKMARK [3][]{section*.229}{MACHINE}{section*.216}
\BOOKMARK [3][]{section*.230}{MAXKEY}{section*.216}
\BOOKMARK [3][]{section*.231}{PID}{section*.216}
\BOOKMARK [3][]{section*.232}{PKG}{section*.216}
\BOOKMARK [3][]{section*.233}{PM}{section*.216}
\BOOKMARK [3][]{section*.234}{PNAME}{section*.216}
\BOOKMARK [3][]{section*.235}{SERVER}{section*.216}
\BOOKMARK [3][]{section*.236}{SORT}{section*.216}
\BOOKMARK [3][]{section*.237}{SPORT}{section*.216}
\BOOKMARK [3][]{section*.238}{TAB\137GEN}{section*.216}
\BOOKMARK [3][]{section*.239}{TCP}{section*.216}
\BOOKMARK [3][]{section*.240}{TERSE}{section*.216}
\BOOKMARK [3][]{section*.241}{TITLE}{section*.216}
\BOOKMARK [3][]{section*.242}{TITLEIDX}{section*.216}
\BOOKMARK [3][]{section*.243}{TITLEIDXASC}{section*.216}
\BOOKMARK [3][]{section*.244}{TUNNEL}{section*.216}
\BOOKMARK [3][]{section*.245}{TYPE}{section*.216}
\BOOKMARK [3][]{section*.246}{USER}{section*.216}
\BOOKMARK [3][]{section*.247}{UUID}{section*.216}
\BOOKMARK [3][]{section*.248}{Display Suboptions}{section*.216}
\BOOKMARK [3][]{section*.249}{Processing Suboptions}{section*.216}
\BOOKMARK [2][]{section*.250}{SHOW}{section.16.2}
\BOOKMARK [1][]{section.16.3}{ctys Generic Options}{chapter.16}
\BOOKMARK [2][]{section*.251}{-A <ambiguity>}{section.16.3}
\BOOKMARK [2][]{section*.252}{-b <background-mode>}{section.16.3}
\BOOKMARK [2][]{section*.253}{-c <nameservice-caching>}{section.16.3}
\BOOKMARK [3][]{section*.254}{BOTH}{section*.253}
\BOOKMARK [3][]{section*.255}{LOCAL}{section*.253}
\BOOKMARK [3][]{section*.256}{OFF}{section*.253}
\BOOKMARK [3][]{section*.257}{ON}{section*.253}
\BOOKMARK [3][]{section*.258}{ONLY}{section*.253}
\BOOKMARK [3][]{section*.259}{REMOTE}{section*.253}
\BOOKMARK [2][]{section*.260}{-C <data-caching>}{section.16.3}
\BOOKMARK [3][]{section*.261}{AUTO}{section*.260}
\BOOKMARK [3][]{section*.262}{FIN:<cache-filepath>}{section*.260}
\BOOKMARK [3][]{section*.263}{FOUT:<cache-filepath>}{section*.260}
\BOOKMARK [3][]{section*.264}{KEEP}{section*.260}
\BOOKMARK [3][]{section*.265}{KEEPALL}{section*.260}
\BOOKMARK [3][]{section*.266}{LIFETIME}{section*.260}
\BOOKMARK [3][]{section*.267}{OFF}{section*.260}
\BOOKMARK [3][]{section*.268}{ON}{section*.260}
\BOOKMARK [3][]{section*.269}{ONLY}{section*.260}
\BOOKMARK [3][]{section*.270}{RAW}{section*.260}
\BOOKMARK [2][]{section*.271}{-d <debug>}{section.16.3}
\BOOKMARK [3][]{section*.272}{<debug-bit-array>}{section*.271}
\BOOKMARK [4][]{section*.273}{D\137UI=1}{section*.272}
\BOOKMARK [4][]{section*.274}{D\137FLOW=2}{section*.272}
\BOOKMARK [4][]{section*.275}{D\137UID=4}{section*.272}
\BOOKMARK [4][]{section*.276}{D\137DATA=8}{section*.272}
\BOOKMARK [4][]{section*.277}{D\137MAINT=16}{section*.272}
\BOOKMARK [4][]{section*.278}{D\137FRAME=32}{section*.272}
\BOOKMARK [4][]{section*.279}{D\137SYS=64}{section*.272}
\BOOKMARK [4][]{section*.280}{D\137TST=16384}{section*.272}
\BOOKMARK [4][]{section*.281}{D\137BULK=32768}{section*.272}
\BOOKMARK [3][]{section*.282}{SUBSYSTEM|S}{section*.271}
\BOOKMARK [4][]{section*.283}{S\137CONF=1}{section*.282}
\BOOKMARK [4][]{section*.284}{S\137BIN=2}{section*.282}
\BOOKMARK [4][]{section*.285}{S\137LIB=4}{section*.282}
\BOOKMARK [4][]{section*.286}{S\137CORE=8}{section*.282}
\BOOKMARK [4][]{section*.287}{S\137GEN=16}{section*.282}
\BOOKMARK [4][]{section*.288}{S\137CLI=32}{section*.282}
\BOOKMARK [4][]{section*.289}{S\137X11=64}{section*.282}
\BOOKMARK [4][]{section*.290}{S\137VNC=128}{section*.282}
\BOOKMARK [4][]{section*.291}{S\137QEMU=256}{section*.282}
\BOOKMARK [4][]{section*.292}{S\137VMW=512}{section*.282}
\BOOKMARK [4][]{section*.293}{S\137XEN=1024}{section*.282}
\BOOKMARK [4][]{section*.294}{S\137PM=2048}{section*.282}
\BOOKMARK [3][]{section*.295}{Generic Values}{section*.271}
\BOOKMARK [4][]{section*.296}{D\137ALL}{section*.295}
\BOOKMARK [3][]{section*.297}{WARNING|W}{section*.271}
\BOOKMARK [3][]{section*.298}{INFO|I}{section*.271}
\BOOKMARK [3][]{section*.299}{FILELIST|F}{section*.271}
\BOOKMARK [2][]{section*.300}{-D <multiple-desktops>}{section.16.3}
\BOOKMARK [2][]{section*.301}{-e <internal-execute-local>}{section.16.3}
\BOOKMARK [2][]{section*.302}{-f <force-soft>}{section.16.3}
\BOOKMARK [2][]{section*.303}{-F <force-version>}{section.16.3}
\BOOKMARK [2][]{section*.304}{-g <set-geometryExtended>}{section.16.3}
\BOOKMARK [2][]{section*.305}{-h <help>}{section.16.3}
\BOOKMARK [2][]{section*.306}{-H <extended-help>}{section.16.3}
\BOOKMARK [2][]{section*.307}{-j <internal-jobid>}{section.16.3}
\BOOKMARK [2][]{section*.308}{-l <login-name>}{section.16.3}
\BOOKMARK [2][]{section*.309}{-L <execution-location>}{section.16.3}
\BOOKMARK [3][]{section*.310}{LOCALONLY}{section*.309}
\BOOKMARK [3][]{section*.311}{DISPLAYFORWARDING}{section*.309}
\BOOKMARK [3][]{section*.312}{DisplayRedirection}{section*.309}
\BOOKMARK [3][]{section*.313}{CONNECTIONFORWARDING}{section*.309}
\BOOKMARK [3][]{section*.314}{CLIENTONLY}{section*.309}
\BOOKMARK [3][]{section*.315}{SERVERONLY}{section*.309}
\BOOKMARK [2][]{section*.316}{-M <message>}{section.16.3}
\BOOKMARK [2][]{section*.317}{-n <no-exec>}{section.16.3}
\BOOKMARK [2][]{section*.318}{-p <vhost-cache-DB-path>}{section.16.3}
\BOOKMARK [2][]{section*.319}{-P <vhost-default-cache-DB-path>}{section.16.3}
\BOOKMARK [2][]{section*.320}{-r <remote-server-resolution>}{section.16.3}
\BOOKMARK [2][]{section*.321}{-s <scope>}{section.16.3}
\BOOKMARK [3][]{section*.322}{USER}{section*.321}
\BOOKMARK [3][]{section*.323}{GROUP}{section*.321}
\BOOKMARK [3][]{section*.324}{USRLST}{section*.321}
\BOOKMARK [3][]{section*.325}{GRPLST}{section*.321}
\BOOKMARK [3][]{section*.326}{ALL}{section*.321}
\BOOKMARK [2][]{section*.327}{-S <ignore-signal-spec>}{section.16.3}
\BOOKMARK [2][]{section*.328}{-t <session-type>}{section.16.3}
\BOOKMARK [2][]{section*.329}{-T <load-session-types>}{section.16.3}
\BOOKMARK [2][]{section*.330}{-v <version-extended>}{section.16.3}
\BOOKMARK [2][]{section*.331}{-v <version-short>}{section.16.3}
\BOOKMARK [2][]{section*.332}{-X <generate-terse-output>}{section.16.3}
\BOOKMARK [2][]{section*.333}{-y <activate-ANSI-TERM-features>}{section.16.3}
\BOOKMARK [2][]{section*.334}{-z <set-pty>}{section.16.3}
\BOOKMARK [2][]{section*.335}{-Z <set-sudo-ksu>}{section.16.3}
\BOOKMARK [1][]{section.16.4}{ctys Arguments}{chapter.16}
\BOOKMARK [1][]{section.16.5}{ctys-plugins}{chapter.16}
\BOOKMARK [0][]{chapter.17}{Plugins - Feature Extensions}{part.3}
\BOOKMARK [1][]{section.17.1}{Prerequisites}{chapter.17}
\BOOKMARK [2][]{section*.336}{Display Suboptions}{section.17.1}
\BOOKMARK [1][]{section.17.2}{Category HOSTs}{chapter.17}
\BOOKMARK [2][]{subsection.17.2.1}{CLI - Command Line Interface}{section.17.2}
\BOOKMARK [3][]{section*.337}{-a <action>}{subsection.17.2.1}
\BOOKMARK [3][]{section*.338}{-a CANCEL}{subsection.17.2.1}
\BOOKMARK [3][]{section*.339}{-a CREATE}{subsection.17.2.1}
\BOOKMARK [4][]{section*.340}{<callopts>}{section*.339}
\BOOKMARK [4][]{section*.341}{CMD:<cmd>}{section*.339}
\BOOKMARK [4][]{section*.342}{<xopts>}{section*.339}
\BOOKMARK [4][]{section*.343}{SHELL|S:<shell>}{section*.339}
\BOOKMARK [3][]{section*.344}{-a ENUMERATE}{subsection.17.2.1}
\BOOKMARK [3][]{section*.345}{-a LIST}{subsection.17.2.1}
\BOOKMARK [3][]{section*.346}{-L <location>}{subsection.17.2.1}
\BOOKMARK [2][]{subsection.17.2.2}{X11 Interface}{section.17.2}
\BOOKMARK [3][]{section*.347}{-a <action>}{subsection.17.2.2}
\BOOKMARK [3][]{section*.348}{-a CANCEL}{subsection.17.2.2}
\BOOKMARK [3][]{section*.349}{-a CREATE}{subsection.17.2.2}
\BOOKMARK [4][]{section*.350}{<callopts>}{section*.349}
\BOOKMARK [4][]{section*.351}{CMD:<cmd>}{section*.349}
\BOOKMARK [4][]{section*.352}{CONSOLE:\(XTERM|GTERM|EMACS|EMACSA\)}{section*.349}
\BOOKMARK [4][]{section*.353}{\(DH|SH\)}{section*.349}
\BOOKMARK [4][]{section*.354}{NOTITLE}{section*.349}
\BOOKMARK [4][]{section*.355}{SHELL|S:<shell>}{section*.349}
\BOOKMARK [4][]{section*.356}{TITLEKEY:<title-name-key>}{section*.349}
\BOOKMARK [4][]{section*.357}{<xopts>}{section*.349}
\BOOKMARK [3][]{section*.358}{-a ENUMERATE}{subsection.17.2.2}
\BOOKMARK [3][]{section*.359}{-a LIST}{subsection.17.2.2}
\BOOKMARK [3][]{section*.360}{-L <location>}{subsection.17.2.2}
\BOOKMARK [2][]{subsection.17.2.3}{VNC - Virtual Network Console Interface}{section.17.2}
\BOOKMARK [3][]{section*.361}{Bulk Access}{subsection.17.2.3}
\BOOKMARK [3][]{section*.362}{-a <action>}{subsection.17.2.3}
\BOOKMARK [3][]{section*.363}{-a CANCEL}{subsection.17.2.3}
\BOOKMARK [4][]{section*.364}{<machine-address>}{section*.363}
\BOOKMARK [4][]{section*.365}{ALL}{section*.363}
\BOOKMARK [4][]{section*.366}{BOTH}{section*.363}
\BOOKMARK [4][]{section*.367}{CLIENT}{section*.363}
\BOOKMARK [4][]{section*.368}{SERVER}{section*.363}
\BOOKMARK [4][]{section*.369}{INIT}{section*.363}
\BOOKMARK [4][]{section*.370}{REBOOT}{section*.363}
\BOOKMARK [4][]{section*.371}{RESET}{section*.363}
\BOOKMARK [4][]{section*.372}{SUSPEND}{section*.363}
\BOOKMARK [4][]{section*.373}{POWEROFF}{section*.363}
\BOOKMARK [3][]{section*.374}{-a CREATE}{subsection.17.2.3}
\BOOKMARK [4][]{section*.375}{<machine-address>}{section*.374}
\BOOKMARK [4][]{section*.376}{BOOTMODE}{section*.374}
\BOOKMARK [4][]{section*.377}{CONNECT}{section*.374}
\BOOKMARK [4][]{section*.378}{CONSOLE}{section*.374}
\BOOKMARK [4][]{section*.379}{PING}{section*.374}
\BOOKMARK [4][]{section*.380}{RECONNECT}{section*.374}
\BOOKMARK [4][]{section*.381}{RESUME}{section*.374}
\BOOKMARK [4][]{section*.382}{REUSE}{section*.374}
\BOOKMARK [4][]{section*.383}{SSHPING}{section*.374}
\BOOKMARK [4][]{section*.384}{USER}{section*.374}
\BOOKMARK [4][]{section*.385}{VNCBASE}{section*.374}
\BOOKMARK [4][]{section*.386}{VNCPORT}{section*.374}
\BOOKMARK [4][]{section*.387}{WAITC}{section*.374}
\BOOKMARK [4][]{section*.388}{WAITS}{section*.374}
\BOOKMARK [4][]{section*.389}{BULK}{section*.374}
\BOOKMARK [3][]{section*.390}{-a ENUMERATE}{subsection.17.2.3}
\BOOKMARK [3][]{section*.391}{-a LIST}{subsection.17.2.3}
\BOOKMARK [1][]{section.17.3}{Category PMs}{chapter.17}
\BOOKMARK [2][]{subsection.17.3.1}{PM - Linux and BSD Hosts}{section.17.3}
\BOOKMARK [3][]{section*.392}{-a <action>}{subsection.17.3.1}
\BOOKMARK [3][]{section*.393}{-a CANCEL}{subsection.17.3.1}
\BOOKMARK [3][]{section*.394}{-a CREATE}{subsection.17.3.1}
\BOOKMARK [4][]{section*.395}{<machine-address>}{section*.394}
\BOOKMARK [4][]{section*.396}{BMAC}{section*.394}
\BOOKMARK [4][]{section*.397}{BROADCAST}{section*.394}
\BOOKMARK [4][]{section*.398}{CONNECT}{section*.394}
\BOOKMARK [4][]{section*.399}{CONSOLE}{section*.394}
\BOOKMARK [4][]{section*.400}{IF}{section*.394}
\BOOKMARK [4][]{section*.401}{PORT}{section*.394}
\BOOKMARK [4][]{section*.402}{RECONNECT}{section*.394}
\BOOKMARK [4][]{section*.403}{RESUME}{section*.394}
\BOOKMARK [4][]{section*.404}{REUSE}{section*.394}
\BOOKMARK [4][]{section*.405}{WOL}{section*.394}
\BOOKMARK [3][]{section*.406}{-a ENUMERATE}{subsection.17.3.1}
\BOOKMARK [3][]{section*.407}{-a LIST}{subsection.17.3.1}
\BOOKMARK [1][]{section.17.4}{Category VMs}{chapter.17}
\BOOKMARK [2][]{subsection.17.4.1}{QEMU - QEMU Emulator}{section.17.4}
\BOOKMARK [3][]{section*.408}{Description}{subsection.17.4.1}
\BOOKMARK [4][]{section*.409}{Intro}{section*.408}
\BOOKMARK [4][]{section*.410}{Networking}{section*.408}
\BOOKMARK [4][]{section*.411}{Configuration}{section*.408}
\BOOKMARK [4][]{section*.412}{Filestructure}{section*.408}
\BOOKMARK [4][]{section*.413}{Supported CPUs}{section*.408}
\BOOKMARK [4][]{section*.414}{Supported Interfaces}{section*.408}
\BOOKMARK [5][]{section*.415}{overview}{section*.414}
\BOOKMARK [5][]{section*.416}{monitor}{section*.414}
\BOOKMARK [5][]{section*.417}{net}{section*.414}
\BOOKMARK [5][]{section*.418}{par}{section*.414}
\BOOKMARK [5][]{section*.419}{sdl}{section*.414}
\BOOKMARK [5][]{section*.420}{serial}{section*.414}
\BOOKMARK [5][]{section*.421}{stdio}{section*.414}
\BOOKMARK [5][]{section*.422}{usb}{section*.414}
\BOOKMARK [5][]{section*.423}{vnc}{section*.414}
\BOOKMARK [3][]{section*.424}{Options}{subsection.17.4.1}
\BOOKMARK [4][]{section*.425}{-a CANCEL}{section*.424}
\BOOKMARK [4][]{section*.426}{-a CREATE}{section*.424}
\BOOKMARK [5][]{section*.427}{BOOTMODE}{section*.426}
\BOOKMARK [5][]{section*.428}{CONSOLE:CLI}{section*.426}
\BOOKMARK [5][]{section*.429}{CONSOLE:CLI0}{section*.426}
\BOOKMARK [5][]{section*.430}{CONSOLE:SDL}{section*.426}
\BOOKMARK [5][]{section*.431}{PXE}{section*.426}
\BOOKMARK [4][]{section*.432}{-a LIST}{section*.424}
\BOOKMARK [4][]{section*.433}{-g <geometry>|<geometryExtended>}{section*.424}
\BOOKMARK [4][]{section*.434}{-r <resolution>}{section*.424}
\BOOKMARK [3][]{section*.435}{Examples}{subsection.17.4.1}
\BOOKMARK [2][]{subsection.17.4.2}{VMW - VMware}{section.17.4}
\BOOKMARK [3][]{section*.436}{Description}{subsection.17.4.2}
\BOOKMARK [4][]{section*.437}{Intro}{section*.436}
\BOOKMARK [4][]{section*.438}{Specifics}{section*.436}
\BOOKMARK [5][]{section*.439}{background operations}{section*.438}
\BOOKMARK [5][]{section*.440}{tabs-mode}{section*.438}
\BOOKMARK [5][]{section*.441}{authentication}{section*.438}
\BOOKMARK [5][]{section*.442}{Headless-Start}{section*.438}
\BOOKMARK [3][]{section*.443}{Options}{subsection.17.4.2}
\BOOKMARK [4][]{section*.444}{-a <action>}{section*.443}
\BOOKMARK [4][]{section*.445}{-a CANCEL}{section*.443}
\BOOKMARK [5][]{section*.446}{CLIENT}{section*.445}
\BOOKMARK [5][]{section*.447}{SERVER}{section*.445}
\BOOKMARK [5][]{section*.448}{BOTH}{section*.445}
\BOOKMARK [4][]{section*.449}{-a CREATE}{section*.443}
\BOOKMARK [5][]{section*.450}{<callopts>}{section*.449}
\BOOKMARK [5][]{section*.451}{VNCVIEWER}{section*.449}
\BOOKMARK [4][]{section*.452}{-a ENUMERATE}{section*.443}
\BOOKMARK [4][]{section*.453}{-g <geometry>|<geometryExtended>}{section*.443}
\BOOKMARK [4][]{section*.454}{-L <execution-location>}{section*.443}
\BOOKMARK [3][]{section*.455}{Examples}{subsection.17.4.2}
\BOOKMARK [2][]{subsection.17.4.3}{XEN - Xen}{section.17.4}
\BOOKMARK [3][]{section*.456}{Description}{subsection.17.4.3}
\BOOKMARK [4][]{section*.457}{Intro}{section*.456}
\BOOKMARK [4][]{section*.458}{Specifics}{section*.456}
\BOOKMARK [5][]{section*.459}{Domain-ID}{section*.458}
\BOOKMARK [5][]{section*.460}{NO SPACES}{section*.458}
\BOOKMARK [5][]{section*.461}{Multiple LAN Interfaces}{section*.458}
\BOOKMARK [5][]{section*.462}{CONSOLES and CLIENTS}{section*.458}
\BOOKMARK [5][]{section*.463}{xm and virsh permissions}{section*.458}
\BOOKMARK [5][]{section*.464}{Pre-Required Modules}{section*.458}
\BOOKMARK [5][]{section*.465}{Supported Versions}{section*.458}
\BOOKMARK [5][]{section*.466}{WARNING levels}{section*.458}
\BOOKMARK [5][]{section*.467}{STack-Awareness}{section*.458}
\BOOKMARK [5][]{section*.468}{XEN\137CONSOLE\137DOMU\137INIT\137WAIT}{section*.458}
\BOOKMARK [3][]{section*.469}{Options}{subsection.17.4.3}
\BOOKMARK [4][]{section*.470}{-a <action>}{section*.469}
\BOOKMARK [4][]{section*.471}{-a CANCEL}{section*.469}
\BOOKMARK [4][]{section*.472}{-a CREATE}{section*.469}
\BOOKMARK [5][]{section*.473}{Display Suboptions}{section*.472}
\BOOKMARK [5][]{section*.474}{"-b 0"}{section*.472}
\BOOKMARK [5][]{section*.475}{"-b 1"}{section*.472}
\BOOKMARK [5][]{section*.476}{"-z 2"}{section*.472}
\BOOKMARK [4][]{section*.477}{<callopts>}{section*.469}
\BOOKMARK [4][]{section*.478}{-g <geometry>|<geometryExtended>}{section*.469}
\BOOKMARK [4][]{section*.479}{-L <execution-location>}{section*.469}
\BOOKMARK [4][]{section*.480}{-r <resolution>}{section*.469}
\BOOKMARK [4][]{section*.481}{<xopts>}{section*.469}
\BOOKMARK [3][]{section*.482}{Examples}{subsection.17.4.3}
\BOOKMARK [1][]{section.17.5}{Category GENERIC}{chapter.17}
\BOOKMARK [2][]{subsection.17.5.1}{LIST Plugin-Collector}{section.17.5}
\BOOKMARK [2][]{subsection.17.5.2}{ENUMERATE Plugin-Collector}{section.17.5}
\BOOKMARK [2][]{subsection.17.5.3}{SHOW Plugin-Collector}{section.17.5}
\BOOKMARK [2][]{subsection.17.5.4}{INFO Plugin-Collector}{section.17.5}
\BOOKMARK [1][]{section.17.6}{Category Internal}{chapter.17}
\BOOKMARK [2][]{subsection.17.6.1}{DIGGER - Forwarding Encrypted Connections}{section.17.6}
\BOOKMARK [3][]{section*.483}{Encrypted Tunnel Support}{subsection.17.6.1}
\BOOKMARK [3][]{section*.484}{LIST Tunnels}{subsection.17.6.1}
\BOOKMARK [0][]{chapter.18}{Support Tools}{part.3}
\BOOKMARK [1][]{section.18.1}{ctys-dnsutil}{chapter.18}
\BOOKMARK [2][]{section*.485}{-c <use-vhost-cache>}{section.18.1}
\BOOKMARK [2][]{section*.486}{-C <use-vhost-static-cache>}{section.18.1}
\BOOKMARK [2][]{section*.487}{-d <debug-level>}{section.18.1}
\BOOKMARK [2][]{section*.488}{-h <help>}{section.18.1}
\BOOKMARK [2][]{section*.489}{-i <quad-dotted-IP>}{section.18.1}
\BOOKMARK [2][]{section*.490}{-l <USER>}{section.18.1}
\BOOKMARK [2][]{section*.491}{-n <dns-TCP>}{section.18.1}
\BOOKMARK [2][]{section*.492}{-R <runtime states>}{section.18.1}
\BOOKMARK [2][]{section*.493}{-V <version>}{section.18.1}
\BOOKMARK [2][]{section*.494}{-X <terse>}{section.18.1}
\BOOKMARK [2][]{section*.495}{Arguments}{section.18.1}
\BOOKMARK [2][]{section*.496}{Exit Values}{section.18.1}
\BOOKMARK [1][]{section.18.2}{ctys-extractAPRlst}{chapter.18}
\BOOKMARK [2][]{section*.497}{-E <ethers-format>}{section.18.2}
\BOOKMARK [2][]{section*.498}{-n|-i|-m <output-colomn-order>}{section.18.2}
\BOOKMARK [2][]{section*.499}{-h <help>}{section.18.2}
\BOOKMARK [2][]{section*.500}{-p <db-dir-path>}{section.18.2}
\BOOKMARK [2][]{section*.501}{-P <db-dir-path-standard>}{section.18.2}
\BOOKMARK [2][]{section*.502}{-V <version>}{section.18.2}
\BOOKMARK [2][]{section*.503}{-X <terse>}{section.18.2}
\BOOKMARK [2][]{section*.504}{Arguments}{section.18.2}
\BOOKMARK [2][]{section*.505}{Exit Values}{section.18.2}
\BOOKMARK [1][]{section.18.3}{ctys-extractMAClst}{chapter.18}
\BOOKMARK [2][]{section*.506}{-E <ethers-format>}{section.18.3}
\BOOKMARK [2][]{section*.507}{-n|-i|-m <output-colomn-format>}{section.18.3}
\BOOKMARK [2][]{section*.508}{-h <help>}{section.18.3}
\BOOKMARK [2][]{section*.509}{-p <db-dir-path>}{section.18.3}
\BOOKMARK [2][]{section*.510}{-P <db-dir-path-standard>}{section.18.3}
\BOOKMARK [2][]{section*.511}{-V <version>}{section.18.3}
\BOOKMARK [2][]{section*.512}{-X <terse>}{section.18.3}
\BOOKMARK [2][]{section*.513}{Arguments}{section.18.3}
\BOOKMARK [2][]{section*.514}{Exit Values}{section.18.3}
\BOOKMARK [1][]{section.18.4}{ctys-genmconf}{chapter.18}
\BOOKMARK [2][]{section*.515}{-h <help>}{section.18.4}
\BOOKMARK [2][]{section*.516}{-I <TCP-address>}{section.18.4}
\BOOKMARK [2][]{section*.517}{-k <ctys-vhost-search-key>}{section.18.4}
\BOOKMARK [2][]{section*.518}{-M <MAC-address>}{section.18.4}
\BOOKMARK [2][]{section*.519}{-P <output-to-file>}{section.18.4}
\BOOKMARK [2][]{section*.520}{-r <range>}{section.18.4}
\BOOKMARK [2][]{section*.521}{-u <generate-uuid>}{section.18.4}
\BOOKMARK [2][]{section*.522}{-U <UUID>}{section.18.4}
\BOOKMARK [2][]{section*.523}{-V <version>}{section.18.4}
\BOOKMARK [2][]{section*.524}{-x <category>}{section.18.4}
\BOOKMARK [2][]{section*.525}{Arguments}{section.18.4}
\BOOKMARK [2][]{section*.526}{Exit Values}{section.18.4}
\BOOKMARK [1][]{section.18.5}{ctys-groups}{chapter.18}
\BOOKMARK [2][]{section*.527}{-c <group-caches>}{section.18.5}
\BOOKMARK [2][]{section*.528}{-d <debug>}{section.18.5}
\BOOKMARK [2][]{section*.529}{-h <help>}{section.18.5}
\BOOKMARK [2][]{section*.530}{-l <group-definitions>}{section.18.5}
\BOOKMARK [2][]{section*.531}{-m <group-members>}{section.18.5}
\BOOKMARK [2][]{section*.532}{-V <version>}{section.18.5}
\BOOKMARK [2][]{section*.533}{-X <terse>}{section.18.5}
\BOOKMARK [2][]{section*.534}{Arguments}{section.18.5}
\BOOKMARK [2][]{section*.535}{Exit Values}{section.18.5}
\BOOKMARK [1][]{section.18.6}{ctys-macros}{chapter.18}
\BOOKMARK [2][]{section*.536}{-a <atoms>}{section.18.6}
\BOOKMARK [2][]{section*.537}{-c <combined>}{section.18.6}
\BOOKMARK [2][]{section*.538}{-d <debug>}{section.18.6}
\BOOKMARK [2][]{section*.539}{-D <raw-definitions>}{section.18.6}
\BOOKMARK [2][]{section*.540}{-E <expanded-definitions>}{section.18.6}
\BOOKMARK [2][]{section*.541}{-f <macro-file>}{section.18.6}
\BOOKMARK [2][]{section*.542}{-h <help>}{section.18.6}
\BOOKMARK [2][]{section*.543}{-l}{section.18.6}
\BOOKMARK [2][]{section*.544}{-V <version>}{section.18.6}
\BOOKMARK [2][]{section*.545}{-X <terse>}{section.18.6}
\BOOKMARK [2][]{section*.546}{Arguments}{section.18.6}
\BOOKMARK [2][]{section*.547}{Exit Values}{section.18.6}
\BOOKMARK [1][]{section.18.7}{ctys-macmap}{chapter.18}
\BOOKMARK [2][]{section*.548}{-n|-i|-m <output-colomn-format>}{section.18.7}
\BOOKMARK [2][]{section*.549}{-h <help>}{section.18.7}
\BOOKMARK [2][]{section*.550}{-p <db-dir-path-list>}{section.18.7}
\BOOKMARK [2][]{section*.551}{Arguments}{section.18.7}
\BOOKMARK [2][]{section*.552}{Exit Values}{section.18.7}
\BOOKMARK [1][]{section.18.8}{ctys-plugins}{chapter.18}
\BOOKMARK [2][]{section*.553}{-d <common-debug-option>}{section.18.8}
\BOOKMARK [2][]{section*.554}{-E}{section.18.8}
\BOOKMARK [2][]{section*.555}{-t <plugin-type>}{section.18.8}
\BOOKMARK [2][]{section*.556}{-T <plugin-preload-typelist>}{section.18.8}
\BOOKMARK [2][]{section*.557}{Arguments}{section.18.8}
\BOOKMARK [2][]{section*.558}{Exit Values}{section.18.8}
\BOOKMARK [1][]{section.18.9}{ctys-setupVDE}{chapter.18}
\BOOKMARK [2][]{section*.559}{-b <virtual-bridge>}{section.18.9}
\BOOKMARK [2][]{section*.560}{-d <level>}{section.18.9}
\BOOKMARK [2][]{section*.561}{-f}{section.18.9}
\BOOKMARK [2][]{section*.562}{-g <sbit-group>}{section.18.9}
\BOOKMARK [2][]{section*.563}{-i <interface>}{section.18.9}
\BOOKMARK [2][]{section*.564}{-s <ALT-QEMUSOCK>}{section.18.9}
\BOOKMARK [2][]{section*.565}{-S <ALT-QEMUMGMT>}{section.18.9}
\BOOKMARK [2][]{section*.566}{-u <non-privileged-user>[.<group>]}{section.18.9}
\BOOKMARK [2][]{section*.567}{-h <help>}{section.18.9}
\BOOKMARK [2][]{section*.568}{-V <version>}{section.18.9}
\BOOKMARK [2][]{section*.569}{-X <terse>}{section.18.9}
\BOOKMARK [2][]{section*.570}{Arguments}{section.18.9}
\BOOKMARK [3][]{section*.571}{cancel}{section*.570}
\BOOKMARK [3][]{section*.572}{check}{section*.570}
\BOOKMARK [3][]{section*.573}{create}{section*.570}
\BOOKMARK [3][]{section*.574}{info}{section*.570}
\BOOKMARK [3][]{section*.575}{ports}{section*.570}
\BOOKMARK [3][]{section*.576}{list}{section*.570}
\BOOKMARK [3][]{section*.577}{listall}{section*.570}
\BOOKMARK [3][]{section*.578}{<execution-target-list>}{section*.570}
\BOOKMARK [2][]{section*.579}{Exit Values}{section.18.9}
\BOOKMARK [1][]{section.18.10}{ctys-smbutil}{chapter.18}
\BOOKMARK [2][]{section*.580}{-d <debug-level>}{section.18.10}
\BOOKMARK [2][]{section*.581}{-h <help>}{section.18.10}
\BOOKMARK [2][]{section*.582}{-i <numerical-IP>}{section.18.10}
\BOOKMARK [2][]{section*.583}{-n <dns-TCP>}{section.18.10}
\BOOKMARK [2][]{section*.584}{-R <runtime states>}{section.18.10}
\BOOKMARK [2][]{section*.585}{-V <version>}{section.18.10}
\BOOKMARK [2][]{section*.586}{-X <terse>}{section.18.10}
\BOOKMARK [2][]{section*.587}{Exit Values}{section.18.10}
\BOOKMARK [1][]{section.18.11}{ctys-vdbgen}{chapter.18}
\BOOKMARK [2][]{section*.588}{<ENUMERATE-options>}{section.18.11}
\BOOKMARK [2][]{section*.589}{--append}{section.18.11}
\BOOKMARK [2][]{section*.590}{-b}{section.18.11}
\BOOKMARK [2][]{section*.591}{--base}{section.18.11}
\BOOKMARK [2][]{section*.592}{-c}{section.18.11}
\BOOKMARK [2][]{section*.593}{-C}{section.18.11}
\BOOKMARK [2][]{section*.594}{--cacheDB}{section.18.11}
\BOOKMARK [2][]{section*.595}{--filecontext}{section.18.11}
\BOOKMARK [2][]{section*.596}{--progress}{section.18.11}
\BOOKMARK [2][]{section*.597}{--progressall}{section.18.11}
\BOOKMARK [2][]{section*.598}{--replace}{section.18.11}
\BOOKMARK [2][]{section*.599}{--stdio}{section.18.11}
\BOOKMARK [2][]{section*.600}{-t}{section.18.11}
\BOOKMARK [2][]{section*.601}{-T}{section.18.11}
\BOOKMARK [2][]{section*.602}{Arguments}{section.18.11}
\BOOKMARK [2][]{section*.603}{Exit Values}{section.18.11}
\BOOKMARK [1][]{section.18.12}{ctys-vhost}{chapter.18}
\BOOKMARK [2][]{section*.604}{-c <spent cost on execution environment>}{section.18.12}
\BOOKMARK [3][]{section*.605}{MINCNT}{section*.604}
\BOOKMARK [3][]{section*.606}{MAXCNT}{section*.604}
\BOOKMARK [3][]{section*.607}{CNT}{section*.604}
\BOOKMARK [2][]{section*.608}{-C <DB sources>}{section.18.12}
\BOOKMARK [3][]{section*.609}{OFF}{section*.608}
\BOOKMARK [3][]{section*.610}{MACMAPONLY}{section*.608}
\BOOKMARK [3][]{section*.611}{MACMAP}{section*.608}
\BOOKMARK [3][]{section*.612}{GROUPS}{section*.608}
\BOOKMARK [3][]{section*.613}{LISTCACHE}{section*.608}
\BOOKMARK [3][]{section*.614}{LISTTARGETS}{section*.608}
\BOOKMARK [3][]{section*.615}{LISTGROUPS}{section*.608}
\BOOKMARK [3][]{section*.616}{MEMBERSDB}{section*.608}
\BOOKMARK [3][]{section*.617}{CLEARTMP}{section*.608}
\BOOKMARK [3][]{section*.618}{CLEARALL}{section*.608}
\BOOKMARK [3][]{section*.619}{REBUILDCACHE}{section*.608}
\BOOKMARK [2][]{section*.620}{-d <debug-level>}{section.18.12}
\BOOKMARK [2][]{section*.621}{-h <help>}{section.18.12}
\BOOKMARK [2][]{section*.622}{-i <input-list>}{section.18.12}
\BOOKMARK [3][]{section*.623}{CTYSADDRESS}{section*.622}
\BOOKMARK [2][]{section*.624}{-I <0-9>}{section.18.12}
\BOOKMARK [3][]{section*.625}{0:OFF}{section*.624}
\BOOKMARK [3][]{section*.626}{1:benchmark}{section*.624}
\BOOKMARK [3][]{section*.627}{2:QUERY}{section*.624}
\BOOKMARK [2][]{section*.628}{-l <USER>}{section.18.12}
\BOOKMARK [2][]{section*.629}{-M <result-set-output-reduction>}{section.18.12}
\BOOKMARK [3][]{section*.630}{FIRST}{section*.629}
\BOOKMARK [3][]{section*.631}{LAST}{section*.629}
\BOOKMARK [3][]{section*.632}{ALL}{section*.629}
\BOOKMARK [3][]{section*.633}{COMPLEMENT}{section*.629}
\BOOKMARK [3][]{section*.634}{SORT}{section*.629}
\BOOKMARK [3][]{section*.635}{USORT}{section*.629}
\BOOKMARK [3][]{section*.636}{UNIQUE}{section*.629}
\BOOKMARK [2][]{section*.637}{-o <output-list>}{section.18.12}
\BOOKMARK [3][]{section*.638}{ARCH}{section*.637}
\BOOKMARK [3][]{section*.639}{CATEGORY|CAT}{section*.637}
\BOOKMARK [3][]{section*.640}{CONTEXTSTRING|CSTRG}{section*.637}
\BOOKMARK [3][]{section*.641}{CTYSADDRESS|CTYS}{section*.637}
\BOOKMARK [3][]{section*.642}{CTYSRELEASE}{section*.637}
\BOOKMARK [3][]{section*.643}{DIST}{section*.637}
\BOOKMARK [3][]{section*.644}{DISTREL}{section*.637}
\BOOKMARK [3][]{section*.645}{DNS}{section*.637}
\BOOKMARK [3][]{section*.646}{EXECLOCATION}{section*.637}
\BOOKMARK [3][]{section*.647}{GATEWAY}{section*.637}
\BOOKMARK [3][]{section*.648}{HWCAP}{section*.637}
\BOOKMARK [3][]{section*.649}{HWREQ}{section*.637}
\BOOKMARK [3][]{section*.650}{HYPERREL|HYREL}{section*.637}
\BOOKMARK [3][]{section*.651}{IDS|ID|I}{section*.637}
\BOOKMARK [3][]{section*.652}{IP}{section*.637}
\BOOKMARK [3][]{section*.653}{LABEL|L}{section*.637}
\BOOKMARK [3][]{section*.654}{MAC|M}{section*.637}
\BOOKMARK [3][]{section*.655}{MACHINE}{section*.637}
\BOOKMARK [3][]{section*.656}{MAXKEY}{section*.637}
\BOOKMARK [3][]{section*.657}{NETMASK}{section*.637}
\BOOKMARK [3][]{section*.658}{OS|O}{section*.637}
\BOOKMARK [3][]{section*.659}{OSREL}{section*.637}
\BOOKMARK [3][]{section*.660}{PLATFORM|PFORM}{section*.637}
\BOOKMARK [3][]{section*.661}{PM|HOST|H}{section*.637}
\BOOKMARK [3][]{section*.662}{PNAME|P}{section*.637}
\BOOKMARK [3][]{section*.663}{RELAY}{section*.637}
\BOOKMARK [3][]{section*.664}{RELOCCAP}{section*.637}
\BOOKMARK [3][]{section*.665}{SERIALNUMBER|SERNO}{section*.637}
\BOOKMARK [3][]{section*.666}{SERVERACCESS|SPORT|S}{section*.637}
\BOOKMARK [3][]{section*.667}{SSHPORT}{section*.637}
\BOOKMARK [3][]{section*.668}{SORT[:<sort-args>]}{section*.637}
\BOOKMARK [3][]{section*.669}{STACKCAP|SCAP}{section*.637}
\BOOKMARK [3][]{section*.670}{STACKREQ|SREQ}{section*.637}
\BOOKMARK [3][]{section*.671}{STYPE|ST}{section*.637}
\BOOKMARK [3][]{section*.672}{TAB\137GEN[:<tab-args>]}{section*.637}
\BOOKMARK [3][]{section*.673}{TCP|T}{section*.637}
\BOOKMARK [3][]{section*.674}{TITLE}{section*.637}
\BOOKMARK [3][]{section*.675}{TITLEIDX}{section*.637}
\BOOKMARK [3][]{section*.676}{TITLEIDXASC}{section*.637}
\BOOKMARK [3][]{section*.677}{USERSTRING|USTRG}{section*.637}
\BOOKMARK [3][]{section*.678}{UUID|U}{section*.637}
\BOOKMARK [3][]{section*.679}{VCPU}{section*.637}
\BOOKMARK [3][]{section*.680}{VERSION|VERNO|VER}{section*.637}
\BOOKMARK [3][]{section*.681}{VMSTATE|VSTAT}{section*.637}
\BOOKMARK [3][]{section*.682}{VNCBASE}{section*.637}
\BOOKMARK [3][]{section*.683}{VNCDISPLAY|DISP}{section*.637}
\BOOKMARK [3][]{section*.684}{VNCPORT|CPORT|}{section*.637}
\BOOKMARK [3][]{section*.685}{VRAM}{section*.637}
\BOOKMARK [2][]{section*.686}{-p <db-directory-path-list>}{section.18.12}
\BOOKMARK [2][]{section*.687}{-r <dynamic-runtime-data>}{section.18.12}
\BOOKMARK [2][]{section*.688}{-R <runtime states>}{section.18.12}
\BOOKMARK [3][]{section*.689}{MARK}{section*.688}
\BOOKMARK [3][]{section*.690}{REVERSE|R|-}{section*.688}
\BOOKMARK [3][]{section*.691}{PING}{section*.688}
\BOOKMARK [3][]{section*.692}{SSH}{section*.688}
\BOOKMARK [3][]{section*.693}{PM}{section*.688}
\BOOKMARK [3][]{section*.694}{VM}{section*.688}
\BOOKMARK [2][]{section*.695}{-s <suppress-automatic-cache-rebuild>}{section.18.12}
\BOOKMARK [2][]{section*.696}{-S <BasicDataManagementSupport>}{section.18.12}
\BOOKMARK [3][]{section*.697}{LISTALL}{section*.696}
\BOOKMARK [3][]{section*.698}{LIST}{section*.696}
\BOOKMARK [3][]{section*.699}{LISTDB}{section*.696}
\BOOKMARK [3][]{section*.700}{MEMBERSDB}{section*.696}
\BOOKMARK [3][]{section*.701}{LISTGROUP}{section*.696}
\BOOKMARK [3][]{section*.702}{MEMBERSGROUP[:<group-list>]}{section*.696}
\BOOKMARK [3][]{section*.703}{\(MEMBERSGROUP2|MEMBERSGROUP3\)[:<group-list>]}{section*.696}
\BOOKMARK [2][]{section*.704}{-T <type-list>}{section.18.12}
\BOOKMARK [2][]{section*.705}{-V <shows-version>}{section.18.12}
\BOOKMARK [2][]{section*.706}{-X <terse-output>}{section.18.12}
\BOOKMARK [2][]{section*.707}{Arguments}{section.18.12}
\BOOKMARK [3][]{section*.708}{<awk-regexpr>}{section*.707}
\BOOKMARK [3][]{section*.709}{AND}{section*.707}
\BOOKMARK [3][]{section*.710}{E:<\043field0>:<\043field1>}{section*.707}
\BOOKMARK [3][]{section*.711}{F:<\043field0>:<content-match>}{section*.707}
\BOOKMARK [3][]{section*.712}{NOT}{section*.707}
\BOOKMARK [3][]{section*.713}{OR}{section*.707}
\BOOKMARK [2][]{section*.714}{Exit Values}{section.18.12}
\BOOKMARK [1][]{section.18.13}{ctys-vping}{chapter.18}
\BOOKMARK [2][]{section*.715}{-h <help>}{section.18.13}
\BOOKMARK [2][]{section*.716}{-i}{section.18.13}
\BOOKMARK [2][]{section*.717}{-l <remote-user>}{section.18.13}
\BOOKMARK [2][]{section*.718}{-m}{section.18.13}
\BOOKMARK [2][]{section*.719}{-n}{section.18.13}
\BOOKMARK [2][]{section*.720}{-r}{section.18.13}
\BOOKMARK [2][]{section*.721}{-s <ssh-ping>}{section.18.13}
\BOOKMARK [2][]{section*.722}{-t}{section.18.13}
\BOOKMARK [2][]{section*.723}{-V <version>}{section.18.13}
\BOOKMARK [2][]{section*.724}{-X <terse>}{section.18.13}
\BOOKMARK [2][]{section*.725}{Arguments}{section.18.13}
\BOOKMARK [2][]{section*.726}{Exit Values}{section.18.13}
\BOOKMARK [1][]{section.18.14}{ctys-wakeup}{chapter.18}
\BOOKMARK [2][]{section*.727}{-d <level>}{section.18.14}
\BOOKMARK [2][]{section*.728}{-h <help>}{section.18.14}
\BOOKMARK [2][]{section*.729}{-p <port>}{section.18.14}
\BOOKMARK [2][]{section*.730}{-t <TCP/IP address>}{section.18.14}
\BOOKMARK [2][]{section*.731}{-V <version>}{section.18.14}
\BOOKMARK [2][]{section*.732}{-X <terse>}{section.18.14}
\BOOKMARK [2][]{section*.733}{Arguments}{section.18.14}
\BOOKMARK [2][]{section*.734}{Exit Values}{section.18.14}
\BOOKMARK [1][]{section.18.15}{ctys-xen-network-bridge}{chapter.18}
\BOOKMARK [2][]{section*.735}{bridge=<virtual-bridge>}{section.18.15}
\BOOKMARK [2][]{section*.736}{netdev=<original-network-device>}{section.18.15}
\BOOKMARK [2][]{section*.737}{vifnum=<virtual-netdev-num>}{section.18.15}
\BOOKMARK [2][]{section*.738}{Arguments}{section.18.15}
\BOOKMARK [2][]{section*.739}{start}{section.18.15}
\BOOKMARK [2][]{section*.740}{status}{section.18.15}
\BOOKMARK [2][]{section*.741}{stop}{section.18.15}
\BOOKMARK [2][]{section*.742}{Exit Values}{section.18.15}
\BOOKMARK [1][]{section.18.16}{ctys-utilities}{chapter.18}
\BOOKMARK [2][]{subsection.18.16.1}{ctys-install}{section.18.16}
\BOOKMARK [2][]{subsection.18.16.2}{ctys-install1}{section.18.16}
\BOOKMARK [2][]{subsection.18.16.3}{getCurOS}{section.18.16}
\BOOKMARK [2][]{subsection.18.16.4}{getCurOSRelease}{section.18.16}
\BOOKMARK [2][]{subsection.18.16.5}{getCurDistribution}{section.18.16}
\BOOKMARK [2][]{subsection.18.16.6}{getCurRelease}{section.18.16}
\BOOKMARK [2][]{subsection.18.16.7}{pathlist}{section.18.16}
\BOOKMARK [2][]{subsection.18.16.8}{ctys-getMasterPid}{section.18.16}
\BOOKMARK [-1][]{part.4}{IV Examples}{}
\BOOKMARK [0][]{chapter.19}{General Remarks}{part.4}
\BOOKMARK [0][]{chapter.20}{ctys Setup}{part.4}
\BOOKMARK [1][]{section.20.1}{Installation}{chapter.20}
\BOOKMARK [2][]{subsection.20.1.1}{Basic Install}{section.20.1}
\BOOKMARK [2][]{subsection.20.1.2}{Security Environment}{section.20.1}
\BOOKMARK [2][]{subsection.20.1.3}{ctys-Software Installation}{section.20.1}
\BOOKMARK [2][]{subsection.20.1.4}{Setup Access Permissions}{section.20.1}
\BOOKMARK [2][]{subsection.20.1.5}{Intstall User-Local}{section.20.1}
\BOOKMARK [1][]{section.20.2}{Configuration}{chapter.20}
\BOOKMARK [2][]{subsection.20.2.1}{Plugins}{section.20.2}
\BOOKMARK [0][]{chapter.21}{HOSTs - Sessions}{part.4}
\BOOKMARK [1][]{section.21.1}{CLI Examples}{chapter.21}
\BOOKMARK [2][]{subsection.21.1.1}{Single Local Interactive Session}{section.21.1}
\BOOKMARK [2][]{subsection.21.1.2}{Single Remote Interactive Session}{section.21.1}
\BOOKMARK [2][]{subsection.21.1.3}{Execute a Remote Command}{section.21.1}
\BOOKMARK [2][]{subsection.21.1.4}{Execute Multiple Remote Commands}{section.21.1}
\BOOKMARK [2][]{subsection.21.1.5}{Chained Logins by Relays}{section.21.1}
\BOOKMARK [2][]{subsection.21.1.6}{Xterm with tcsh}{section.21.1}
\BOOKMARK [2][]{subsection.21.1.7}{gnome-terminal}{section.21.1}
\BOOKMARK [2][]{subsection.21.1.8}{Call ctys functions}{section.21.1}
\BOOKMARK [1][]{section.21.2}{X11 Examples}{chapter.21}
\BOOKMARK [2][]{subsection.21.2.1}{Xterm with Interactive bash}{section.21.2}
\BOOKMARK [2][]{subsection.21.2.2}{Gnome-Terminal with Interactive bash}{section.21.2}
\BOOKMARK [2][]{subsection.21.2.3}{Emacs Session in shell-mode}{section.21.2}
\BOOKMARK [2][]{subsection.21.2.4}{Single XClock}{section.21.2}
\BOOKMARK [1][]{section.21.3}{VNC Examples}{chapter.21}
\BOOKMARK [2][]{subsection.21.3.1}{Single Local Desktop Session}{section.21.3}
\BOOKMARK [2][]{subsection.21.3.2}{Single Remote Desktop Session}{section.21.3}
\BOOKMARK [2][]{subsection.21.3.3}{Bulk Desktop Sessions}{section.21.3}
\BOOKMARK [2][]{subsection.21.3.4}{Remote Desktop with Local Client}{section.21.3}
\BOOKMARK [2][]{subsection.21.3.5}{Shared-Mode vs. Non-Shared-Mode}{section.21.3}
\BOOKMARK [2][]{subsection.21.3.6}{Reconnect Suboption}{section.21.3}
\BOOKMARK [0][]{chapter.22}{VMs - Sessions}{part.4}
\BOOKMARK [1][]{section.22.1}{QEMU Examples}{chapter.22}
\BOOKMARK [2][]{subsection.22.1.1}{Installation of QEMU}{section.22.1}
\BOOKMARK [3][]{section*.754}{Build and Install QEMU}{subsection.22.1.1}
\BOOKMARK [3][]{section*.755}{Setup Networking for QEMU by VDE}{subsection.22.1.1}
\BOOKMARK [4][]{section*.756}{Overview}{section*.755}
\BOOKMARK [4][]{section*.757}{VDE}{section*.755}
\BOOKMARK [4][]{section*.758}{QEMU}{section*.755}
\BOOKMARK [3][]{section*.759}{Setup Serial Console}{subsection.22.1.1}
\BOOKMARK [4][]{section*.760}{overview}{section*.759}
\BOOKMARK [2][]{Item.123}{Installation of Guests}{section.22.1}
\BOOKMARK [3][]{section*.761}{PXE-Boot}{Item.123}
\BOOKMARK [3][]{section*.762}{Install Procedures}{Item.123}
\BOOKMARK [4][]{section*.763}{Debian-4.0\137r3 by PXE - i386}{section*.762}
\BOOKMARK [4][]{section*.764}{Debian-4.0\137r3 for ARM}{section*.762}
\BOOKMARK [4][]{section*.765}{OpenBSD-4.3+SerialConsole - by PXE}{section*.762}
\BOOKMARK [3][]{section*.766}{Installed Systems}{Item.123}
\BOOKMARK [2][]{Item.132}{CREATE a session}{section.22.1}
\BOOKMARK [2][]{Item.133}{CANCEL a session}{section.22.1}
\BOOKMARK [2][]{Item.134}{LIST sessions}{section.22.1}
\BOOKMARK [2][]{Item.135}{ENUMERATE sessions}{section.22.1}
\BOOKMARK [2][]{Item.136}{SHOW}{section.22.1}
\BOOKMARK [2][]{Item.137}{INFO}{section.22.1}
\BOOKMARK [2][]{Item.138}{Example Appliances}{section.22.1}
\BOOKMARK [3][]{section*.767}{Qemu Test and Demo Examples}{Item.138}
\BOOKMARK [4][]{section*.768}{ARM}{section*.767}
\BOOKMARK [4][]{section*.769}{Coldfire}{section*.767}
\BOOKMARK [4][]{section*.770}{MIPS}{section*.767}
\BOOKMARK [4][]{section*.771}{PPC}{section*.767}
\BOOKMARK [3][]{section*.772}{Cross Build for ARM with Debian}{Item.138}
\BOOKMARK [3][]{section*.773}{Cross Build and Debug for uCLinux on ARM}{Item.138}
\BOOKMARK [3][]{section*.774}{W2K - i386}{Item.138}
\BOOKMARK [3][]{section*.775}{CentOS-5.0 - i386}{Item.138}
\BOOKMARK [3][]{section*.776}{Debug uCLinux on i386}{Item.138}
\BOOKMARK [3][]{section*.777}{Debug OpenBSD on i386}{Item.138}
\BOOKMARK [1][]{Item.139}{VMW Examples}{chapter.22}
\BOOKMARK [2][]{Item.140}{Installation of VMware}{Item.139}
\BOOKMARK [2][]{Item.141}{Installation of Guests}{Item.139}
\BOOKMARK [3][]{section*.778}{PXE with DHCP}{Item.141}
\BOOKMARK [3][]{section*.779}{ISO-Image and DHCP}{Item.141}
\BOOKMARK [3][]{section*.780}{Install procedures}{Item.141}
\BOOKMARK [4][]{section*.781}{General Remarks}{section*.780}
\BOOKMARK [4][]{section*.782}{CentOS}{section*.780}
\BOOKMARK [4][]{section*.783}{Debian-4.0\137r3}{section*.780}
\BOOKMARK [4][]{section*.784}{Fedora 8}{section*.780}
\BOOKMARK [4][]{section*.785}{MS-Windows-NT-4.0-S}{section*.780}
\BOOKMARK [4][]{section*.786}{MS-Windows-2000-WS}{section*.780}
\BOOKMARK [4][]{section*.787}{OpenBSD}{section*.780}
\BOOKMARK [4][]{section*.788}{SuSE}{section*.780}
\BOOKMARK [3][]{section*.789}{Installed Systems}{Item.141}
\BOOKMARK [2][]{Item.150}{Display of Available Sessions}{Item.139}
\BOOKMARK [2][]{Item.151}{CREATE a session}{Item.139}
\BOOKMARK [2][]{Item.152}{CANCEL a session}{Item.139}
\BOOKMARK [2][]{Item.153}{LIST sessions}{Item.139}
\BOOKMARK [2][]{Item.154}{ENUMERATE sessions}{Item.139}
\BOOKMARK [2][]{Item.155}{SHOW}{Item.139}
\BOOKMARK [2][]{Item.156}{INFO}{Item.139}
\BOOKMARK [2][]{Item.157}{Example Appliances}{Item.139}
\BOOKMARK [3][]{section*.790}{Freeze W2K-Appliances}{Item.157}
\BOOKMARK [3][]{section*.791}{EDWin as Appliance}{Item.157}
\BOOKMARK [3][]{section*.792}{Rational Developer Studio as Appliance}{Item.157}
\BOOKMARK [3][]{section*.793}{Lexware-Financial-Office-Pro - Complete Tax-Archiving}{Item.157}
\BOOKMARK [4][]{section*.794}{General Remarks}{section*.793}
\BOOKMARK [4][]{section*.795}{Server on Windows-NT-4.0-S}{section*.793}
\BOOKMARK [4][]{section*.796}{DB-Storage on Samba-CentOS-5.0}{section*.793}
\BOOKMARK [4][]{section*.797}{Clients on Windows-2000-WS}{section*.793}
\BOOKMARK [1][]{Item.158}{Xen Examples}{chapter.22}
\BOOKMARK [2][]{Item.159}{Installation of Xen/Dom0}{Item.158}
\BOOKMARK [2][]{Item.160}{Installation of Guests/DomU}{Item.158}
\BOOKMARK [3][]{section*.798}{Templates}{Item.160}
\BOOKMARK [3][]{section*.799}{Install Procedures}{Item.160}
\BOOKMARK [4][]{section*.800}{CentOS-5}{section*.799}
\BOOKMARK [4][]{section*.801}{Fedora-8}{section*.799}
\BOOKMARK [4][]{section*.802}{OpenSUSE-10.2}{section*.799}
\BOOKMARK [4][]{section*.803}{OpenSUSE-10.1}{section*.799}
\BOOKMARK [3][]{section*.804}{Installed Systems}{Item.160}
\BOOKMARK [2][]{Item.169}{CREATE a session}{Item.158}
\BOOKMARK [3][]{section*.806}{CONSOLE:CLI}{Item.169}
\BOOKMARK [3][]{section*.808}{CONSOLE:XTERM}{Item.169}
\BOOKMARK [3][]{section*.810}{CONSOLE:GTERM}{Item.169}
\BOOKMARK [3][]{section*.812}{CONSOLE:EMACS}{Item.169}
\BOOKMARK [3][]{section*.814}{CONSOLE:VNC}{Item.169}
\BOOKMARK [3][]{section*.816}{CONSOLE:NONE}{Item.169}
\BOOKMARK [3][]{section*.818}{RESUME from stat-file}{Item.169}
\BOOKMARK [3][]{section*.820}{RESUME with VNC}{Item.169}
\BOOKMARK [3][]{section*.822}{RESUME with EMACS}{Item.169}
\BOOKMARK [3][]{section*.824}{MULTIPLE SESSIONS}{Item.169}
\BOOKMARK [2][]{Item.170}{CANCEL a session}{Item.158}
\BOOKMARK [3][]{section*.826}{POWEROFF}{Item.170}
\BOOKMARK [3][]{section*.828}{RESET}{Item.170}
\BOOKMARK [3][]{section*.830}{REBOOT}{Item.170}
\BOOKMARK [3][]{section*.832}{PAUSE}{Item.170}
\BOOKMARK [3][]{section*.834}{SUSPEND}{Item.170}
\BOOKMARK [3][]{section*.836}{INIT}{Item.170}
\BOOKMARK [2][]{Item.171}{LIST sessions}{Item.158}
\BOOKMARK [2][]{Item.172}{ENUMERATE sessions}{Item.158}
\BOOKMARK [2][]{Item.173}{SHOW}{Item.158}
\BOOKMARK [2][]{Item.174}{INFO}{Item.158}
\BOOKMARK [2][]{Item.175}{Example Appliances}{Item.158}
\BOOKMARK [3][]{section*.837}{Distributed Build-Environment for x86/x86\13764}{Item.175}
\BOOKMARK [3][]{section*.838}{Distributed Number-Crunching with Load-Redistribution}{Item.175}
\BOOKMARK [3][]{section*.839}{Non-Stop-Maintenance}{Item.175}
\BOOKMARK [3][]{section*.840}{Energy Efficiency with Online-Reconfiguration}{Item.175}
\BOOKMARK [0][]{Item.176}{PMs - Sessions}{part.4}
\BOOKMARK [1][]{Item.177}{PM Examples}{Item.176}
\BOOKMARK [2][]{Item.178}{Configuration of Access Permissions}{Item.177}
\BOOKMARK [2][]{Item.179}{CREATE a PM Session}{Item.177}
\BOOKMARK [3][]{section*.842}{WoL or RESUME}{Item.179}
\BOOKMARK [3][]{section*.844}{CONSOLE}{Item.179}
\BOOKMARK [2][]{Item.180}{CANCEL a PM Session}{Item.177}
\BOOKMARK [3][]{section*.846}{POWEROFF}{Item.180}
\BOOKMARK [3][]{section*.848}{REBOOT}{Item.180}
\BOOKMARK [3][]{section*.850}{PAUSE,SUSPEND}{Item.180}
\BOOKMARK [3][]{section*.852}{INIT}{Item.180}
\BOOKMARK [2][]{Item.181}{PM - Using Wake-On-Lan - WoL}{Item.177}
\BOOKMARK [3][]{section*.853}{"Bridge-less"}{Item.181}
\BOOKMARK [3][]{section*.854}{Virtual-Bridge}{Item.181}
\BOOKMARK [3][]{section*.855}{NIC-Bonding}{Item.181}
\BOOKMARK [3][]{section*.856}{Behind a Router}{Item.181}
\BOOKMARK [2][]{Item.191}{Wake-On-Lan - Complete Reboot-Cycles}{Item.177}
\BOOKMARK [3][]{section*.857}{CLI}{Item.191}
\BOOKMARK [3][]{section*.858}{XTERM}{Item.191}
\BOOKMARK [3][]{section*.859}{GTERM}{Item.191}
\BOOKMARK [3][]{section*.860}{EMACS}{Item.191}
\BOOKMARK [3][]{section*.861}{VNC}{Item.191}
\BOOKMARK [0][]{Item.192}{Common Session Options}{part.4}
\BOOKMARK [1][]{Item.193}{Opening multiple ctyss}{Item.192}
\BOOKMARK [2][]{Item.194}{Multiple Calls}{Item.193}
\BOOKMARK [2][]{Item.195}{One call}{Item.193}
\BOOKMARK [1][]{Item.196}{Different resolution on client and server}{Item.192}
\BOOKMARK [1][]{Item.197}{Dynamic move of sessions window}{Item.192}
\BOOKMARK [1][]{Item.198}{Spanning Multiple Physical Screens}{Item.192}
\BOOKMARK [1][]{Item.199}{CREATE with tree-search for unique IDs}{Item.192}
\BOOKMARK [1][]{Item.200}{Some session related calls}{Item.192}
\BOOKMARK [2][]{Item.201}{ENUMERATE}{Item.200}
\BOOKMARK [2][]{Item.202}{LIST}{Item.200}
\BOOKMARK [2][]{Item.203}{SHOW}{Item.200}
\BOOKMARK [2][]{Item.204}{INFO}{Item.200}
\BOOKMARK [1][]{Item.205}{Some ctys related calls}{Item.192}
\BOOKMARK [2][]{Item.206}{Display Version and available plugin}{Item.205}
\BOOKMARK [0][]{Item.207}{Custom CLI}{part.4}
\BOOKMARK [1][]{Item.208}{Groups}{Item.207}
\BOOKMARK [1][]{Item.209}{Macros}{Item.207}
\BOOKMARK [1][]{Item.210}{Tables}{Item.207}
\BOOKMARK [2][]{Item.211}{Common Tables for ENUMERATE and LIST}{Item.210}
\BOOKMARK [2][]{Item.212}{RAW Tables by MACHINE}{Item.210}
\BOOKMARK [2][]{Item.213}{Combined MACROS and Tables}{Item.210}
\BOOKMARK [3][]{section*.862}{Usage with VMSTATE}{Item.213}
\BOOKMARK [0][]{Item.214}{Pre-Configured Desktops}{part.4}
\BOOKMARK [1][]{Item.215}{Admin RAID-Info}{Item.214}
\BOOKMARK [1][]{Item.216}{Tax-Calculation and Longterm-Storage}{Item.214}
\BOOKMARK [1][]{Item.217}{QEMU Test-Environment for VDE}{Item.214}
\BOOKMARK [0][]{chapter.27}{Performance Measures}{part.4}
\BOOKMARK [1][]{section.27.1}{Background, Parallel and Cached Operations}{chapter.27}
\BOOKMARK [1][]{section.27.2}{Caching of Data}{chapter.27}
\BOOKMARK [1][]{section.27.3}{Combined Operations}{chapter.27}
\BOOKMARK [0][]{chapter.28}{VM Stacks}{part.4}
\BOOKMARK [1][]{section.28.1}{Setup of the Stack Environment}{chapter.28}
\BOOKMARK [1][]{section.28.2}{Single-Upper-Layer VMStack Basics}{chapter.28}
\BOOKMARK [2][]{subsection.28.2.1}{CREATE a PM Session}{section.28.2}
\BOOKMARK [2][]{subsection.28.2.2}{CREATE a VM Session with initial PM Session}{section.28.2}
\BOOKMARK [2][]{subsection.28.2.3}{CREATE a HOST Session with initial VM and PM Session}{section.28.2}
\BOOKMARK [2][]{subsection.28.2.4}{CANCEL a VM Session containing VM-Stack-Sessions}{section.28.2}
\BOOKMARK [2][]{subsection.28.2.5}{CANCEL a PM Session containing VM-Stack-Sessions}{section.28.2}
\BOOKMARK [1][]{section.28.3}{Multi-Layer VMStacks}{chapter.28}
\BOOKMARK [2][]{subsection.28.3.1}{MACRO Definition Basics}{section.28.3}
\BOOKMARK [3][]{section*.863}{Common Syntax}{subsection.28.3.1}
\BOOKMARK [3][]{section*.864}{Consoles and Synchronous STACK-Operations}{subsection.28.3.1}
\BOOKMARK [3][]{section*.865}{Integration of Tool-Calls}{subsection.28.3.1}
\BOOKMARK [3][]{section*.866}{Auto-Creation of Virtual Bridges and Switches}{subsection.28.3.1}
\BOOKMARK [2][]{subsection.28.3.2}{CREATE a VMStack}{section.28.3}
\BOOKMARK [3][]{section*.867}{Create a Blue-Print of Stack-Data}{subsection.28.3.2}
\BOOKMARK [3][]{section*.868}{Verification of Supported Actions and Modes}{subsection.28.3.2}
\BOOKMARK [3][]{section*.869}{Verification of Stack Entity-Consisytency}{subsection.28.3.2}
\BOOKMARK [3][]{section*.870}{Verification of Stack-Capability}{subsection.28.3.2}
\BOOKMARK [3][]{section*.871}{Verification of Hardware-Capability}{subsection.28.3.2}
\BOOKMARK [3][]{section*.872}{Verification of Stack-Location}{subsection.28.3.2}
\BOOKMARK [2][]{subsection.28.3.3}{CANCEL a VMStack}{section.28.3}
\BOOKMARK [2][]{subsection.28.3.4}{Prepare a PM for Restart by WoL}{section.28.3}
\BOOKMARK [2][]{subsection.28.3.5}{Xen with upper QEMU-VMs}{section.28.3}
\BOOKMARK [2][]{subsection.28.3.6}{VMWare with upper QEMU-VMs}{section.28.3}
\BOOKMARK [2][]{subsection.28.3.7}{QEMU with upper QEMU-VMs}{section.28.3}
\BOOKMARK [0][]{chapter.29}{User Access - Secure permissions}{part.4}
\BOOKMARK [1][]{section.29.1}{SSH, SSL, IPsec, and VPNs}{chapter.29}
\BOOKMARK [1][]{section.29.2}{VM-Stacks, SSO, and Kerberos}{chapter.29}
\BOOKMARK [1][]{section.29.3}{Network Filesystems}{chapter.29}
\BOOKMARK [1][]{section.29.4}{Authentication - ksu and sudo}{chapter.29}
\BOOKMARK [2][]{subsection.29.4.1}{Basics}{section.29.4}
\BOOKMARK [2][]{subsection.29.4.2}{sudoers}{section.29.4}
\BOOKMARK [2][]{subsection.29.4.3}{k5users}{section.29.4}
\BOOKMARK [2][]{subsection.29.4.4}{Secure root Access}{section.29.4}
\BOOKMARK [1][]{section.29.5}{Firewall}{chapter.29}
\BOOKMARK [1][]{section.29.6}{SELinux}{chapter.29}
\BOOKMARK [0][]{chapter.30}{System Resources}{part.4}
\BOOKMARK [1][]{section.30.1}{TAP/TUN by VDE}{chapter.30}
\BOOKMARK [2][]{subsection.30.1.1}{VDE within Xen Dom0}{section.30.1}
\BOOKMARK [2][]{subsection.30.1.2}{VDE within Xen DomU}{section.30.1}
\BOOKMARK [2][]{subsection.30.1.3}{VDE within VMware}{section.30.1}
\BOOKMARK [2][]{subsection.30.1.4}{VDE within Native Unix}{section.30.1}
\BOOKMARK [2][]{subsection.30.1.5}{VDE Remote Configuration}{section.30.1}
\BOOKMARK [2][]{subsection.30.1.6}{VDE-Setup with Micro-VMSTACK}{section.30.1}
\BOOKMARK [1][]{section.30.2}{DomU Management}{chapter.30}
\BOOKMARK [1][]{section.30.3}{Mount an ISO-Image}{chapter.30}
\BOOKMARK [0][]{chapter.31}{Applications of ctys-vhost}{part.4}
\BOOKMARK [1][]{section.31.1}{Database Generation ctys-vdbgen and companions}{chapter.31}
\BOOKMARK [2][]{subsection.31.1.1}{Initial Database}{section.31.1}
\BOOKMARK [2][]{subsection.31.1.2}{Append Data to present Database}{section.31.1}
\BOOKMARK [2][]{subsection.31.1.3}{vm.conf Coallocated with Hypervisor}{section.31.1}
\BOOKMARK [1][]{section.31.2}{LDAP based VM-Stack Nameservices}{chapter.31}
\BOOKMARK [1][]{section.31.3}{Group Addressing}{chapter.31}
\BOOKMARK [2][]{subsection.31.3.1}{Group Caches - The Performance Clue}{section.31.3}
\BOOKMARK [2][]{subsection.31.3.2}{Preconfigured Task-Groups}{section.31.3}
\BOOKMARK [1][]{section.31.4}{Stack Addressing}{chapter.31}
\BOOKMARK [1][]{section.31.5}{DHCP Poll}{chapter.31}
\BOOKMARK [1][]{section.31.6}{PXELinux - Address Translation}{chapter.31}
\BOOKMARK [1][]{section.31.7}{Formatted output by Generic Tables}{chapter.31}
\BOOKMARK [1][]{section.31.8}{Filter by awk-Regular Expressions}{chapter.31}
\BOOKMARK [2][]{subsection.31.8.1}{Datastreams and Match Conditions}{section.31.8}
\BOOKMARK [2][]{subsection.31.8.2}{Wildcards and Ambiguity}{section.31.8}
\BOOKMARK [-1][]{part.5}{V Appendices}{}
\BOOKMARK [0][]{chapter.32}{Current Loaded Plugins}{part.5}
\BOOKMARK [0][]{chapter.33}{File Formats}{part.5}
\BOOKMARK [1][]{section.33.1}{Common Tools and Formats}{chapter.33}
\BOOKMARK [1][]{section.33.2}{Groups}{chapter.33}
\BOOKMARK [1][]{section.33.3}{Macros}{chapter.33}
\BOOKMARK [1][]{section.33.4}{Static Import File Databases - fdb}{chapter.33}
\BOOKMARK [2][]{subsection.33.4.1}{macmap.fdb}{section.33.4}
\BOOKMARK [2][]{subsection.33.4.2}{enum.fdb}{section.33.4}
\BOOKMARK [1][]{section.33.5}{Static Pre-Fetch Cache Databases - cdb}{chapter.33}
\BOOKMARK [2][]{subsection.33.5.1}{grpscache.cdb}{section.33.5}
\BOOKMARK [2][]{subsection.33.5.2}{statcache.cdb}{section.33.5}
\BOOKMARK [1][]{section.33.6}{Dynamic Runtime Cache Databases}{chapter.33}
\BOOKMARK [1][]{section.33.7}{Configuration Entries for ctys}{chapter.33}
\BOOKMARK [2][]{subsection.33.7.1}{Actual Processing vs. Administrative Display}{section.33.7}
\BOOKMARK [2][]{subsection.33.7.2}{Configuration File Variants}{section.33.7}
\BOOKMARK [2][]{subsection.33.7.3}{Keywords}{section.33.7}
\BOOKMARK [3][]{section*.875}{\043@\043ARCH}{subsection.33.7.3}
\BOOKMARK [3][]{section*.876}{\043@\043CTYSRELEASE}{subsection.33.7.3}
\BOOKMARK [3][]{section*.877}{\043@\043CATEGORY}{subsection.33.7.3}
\BOOKMARK [3][]{section*.878}{\043@\043CSTRG}{subsection.33.7.3}
\BOOKMARK [3][]{section*.879}{\043@\043DIST}{subsection.33.7.3}
\BOOKMARK [3][]{section*.880}{\043@\043DISTREL}{subsection.33.7.3}
\BOOKMARK [3][]{section*.881}{\043@\043EXECLOCATION}{subsection.33.7.3}
\BOOKMARK [3][]{section*.882}{\043@\043GATEWAY}{subsection.33.7.3}
\BOOKMARK [3][]{section*.883}{\043@\043HWCAP}{subsection.33.7.3}
\BOOKMARK [3][]{section*.884}{\043@\043HWREQ}{subsection.33.7.3}
\BOOKMARK [3][]{section*.885}{\043@\043HYERREF}{subsection.33.7.3}
\BOOKMARK [3][]{section*.886}{\043@\043IP}{subsection.33.7.3}
\BOOKMARK [3][]{section*.887}{\043@\043LABEL}{subsection.33.7.3}
\BOOKMARK [3][]{section*.888}{\043@\043MAC}{subsection.33.7.3}
\BOOKMARK [3][]{section*.889}{\043@\043MAGICID}{subsection.33.7.3}
\BOOKMARK [3][]{section*.890}{\043@\043OS}{subsection.33.7.3}
\BOOKMARK [3][]{section*.891}{\043@\043OSREL}{subsection.33.7.3}
\BOOKMARK [3][]{section*.892}{\043@\043PLATFORM}{subsection.33.7.3}
\BOOKMARK [3][]{section*.893}{\043@\043RELOCCAP}{subsection.33.7.3}
\BOOKMARK [3][]{section*.894}{\043@\043SERNO}{subsection.33.7.3}
\BOOKMARK [3][]{section*.895}{\043@\043SESSIONTYPE}{subsection.33.7.3}
\BOOKMARK [3][]{section*.896}{\043@\043SPORT}{subsection.33.7.3}
\BOOKMARK [3][]{section*.897}{\043@\043STACKCAP}{subsection.33.7.3}
\BOOKMARK [3][]{section*.898}{\043@\043STACKREQ}{subsection.33.7.3}
\BOOKMARK [3][]{section*.899}{\043@\043USTRG}{subsection.33.7.3}
\BOOKMARK [3][]{section*.900}{\043@\043UUID}{subsection.33.7.3}
\BOOKMARK [3][]{section*.901}{\043@\043VCPU}{subsection.33.7.3}
\BOOKMARK [3][]{section*.902}{\043@\043VERSION}{subsection.33.7.3}
\BOOKMARK [3][]{section*.903}{\043@\043VMSTATE}{subsection.33.7.3}
\BOOKMARK [3][]{section*.904}{\043@\043VNCACCESSPORT}{subsection.33.7.3}
\BOOKMARK [3][]{section*.905}{\043@\043VNCACCESSDISPLAY}{subsection.33.7.3}
\BOOKMARK [3][]{section*.906}{\043@\043VNCBASEPORT}{subsection.33.7.3}
\BOOKMARK [3][]{section*.907}{\043@\043VRAM}{subsection.33.7.3}
\BOOKMARK [2][]{subsection.33.7.4}{Interface Keywords}{section.33.7}
\BOOKMARK [2][]{subsection.33.7.5}{MAGICID}{section.33.7}
\BOOKMARK [2][]{subsection.33.7.6}{VMSTATE}{section.33.7}
\BOOKMARK [2][]{subsection.33.7.7}{Virtual Hardware-Platform}{section.33.7}
\BOOKMARK [2][]{subsection.33.7.8}{Stacking Entries}{section.33.7}
\BOOKMARK [2][]{subsection.33.7.9}{Execution Location and Relocation}{section.33.7}
\BOOKMARK [0][]{chapter.34}{LDAP Formats}{part.5}
\BOOKMARK [0][]{chapter.35}{Call Input-Output Formats}{part.5}
\BOOKMARK [1][]{section.35.1}{Common Data Import/Export Options}{chapter.35}
\BOOKMARK [1][]{section.35.2}{ENUMERATE}{chapter.35}
\BOOKMARK [1][]{section.35.3}{LIST}{chapter.35}
\BOOKMARK [1][]{section.35.4}{INFO}{chapter.35}
\BOOKMARK [1][]{section.35.5}{SHOW}{chapter.35}
\BOOKMARK [0][]{chapter.36}{Miscellaneous}{part.5}
\BOOKMARK [1][]{section.36.1}{Basic EXEC principle}{chapter.36}
\BOOKMARK [1][]{section.36.2}{PATH}{chapter.36}
\BOOKMARK [1][]{section.36.3}{Configuration files}{chapter.36}
\BOOKMARK [1][]{section.36.4}{Media Access Control\(MAC\) Addresses - VM-NICs}{chapter.36}
\BOOKMARK [0][]{chapter.37}{GNU GENERAL PUBLIC LICENSE - Version 3}{part.5}
\BOOKMARK [0][]{chapter*.908}{Bibliography}{part.5}
\BOOKMARK [1][]{section*.909}{Books}{chapter*.908}
\BOOKMARK [2][]{section*.910}{UNIX}{section*.909}
\BOOKMARK [2][]{section*.911}{Security}{section*.909}
\BOOKMARK [2][]{section*.912}{Networks}{section*.909}
\BOOKMARK [2][]{section*.913}{Embedded Systems}{section*.909}
\BOOKMARK [1][]{section*.914}{Online References}{chapter*.908}
\BOOKMARK [2][]{section*.915}{OSs}{section*.914}
\BOOKMARK [2][]{section*.916}{Hypervisors/Emulators}{section*.914}
\BOOKMARK [3][]{section*.917}{kvm}{section*.916}
\BOOKMARK [3][]{section*.918}{QEMU}{section*.916}
\BOOKMARK [3][]{section*.919}{SkyEye}{section*.916}
\BOOKMARK [3][]{section*.920}{VMware}{section*.916}
\BOOKMARK [3][]{section*.921}{Xen}{section*.916}
\BOOKMARK [2][]{section*.922}{Security}{section*.914}
\BOOKMARK [2][]{section*.923}{Specials}{section*.914}
\BOOKMARK [3][]{section*.924}{Dynagen/Dynamips}{section*.923}
\BOOKMARK [3][]{section*.925}{QEMU-Networking with VDE}{section*.923}
\BOOKMARK [3][]{section*.926}{PXE}{section*.923}
\BOOKMARK [3][]{section*.927}{Routing}{section*.923}
\BOOKMARK [3][]{section*.928}{Scratchbox}{section*.923}
\BOOKMARK [3][]{section*.929}{Serial-Console}{section*.923}
\BOOKMARK [2][]{section*.930}{Miscellanuous}{section*.914}
\BOOKMARK [2][]{section*.931}{UnfiedSessionsManager Versions}{section*.914}
\BOOKMARK [1][]{section*.932}{Sponsored OpenSource Projects}{chapter*.908}
\BOOKMARK [1][]{section*.933}{Commercial Support}{chapter*.908}
